ERROR - 2023-11-09 18:19:55 --> mysqli_sql_exception: Unknown column 'Proveedor.deleted_at' in 'where clause' in C:\xampp\htdocs\abejita\system\Database\MySQLi\Connection.php:306
Stack trace:
#0 C:\xampp\htdocs\abejita\system\Database\MySQLi\Connection.php(306): mysqli->query('SELECT *\nFROM `...', 0)
#1 C:\xampp\htdocs\abejita\system\Database\BaseConnection.php(692): CodeIgniter\Database\MySQLi\Connection->execute('SELECT *\nFROM `...')
#2 C:\xampp\htdocs\abejita\system\Database\BaseConnection.php(606): CodeIgniter\Database\BaseConnection->simpleQuery('SELECT *\nFROM `...')
#3 C:\xampp\htdocs\abejita\system\Database\BaseBuilder.php(1615): CodeIgniter\Database\BaseConnection->query('SELECT *\nFROM `...', Array, false)
#4 C:\xampp\htdocs\abejita\system\Model.php(237): CodeIgniter\Database\BaseBuilder->get()
#5 C:\xampp\htdocs\abejita\system\BaseModel.php(624): CodeIgniter\Model->doFindAll(0, 0)
#6 C:\xampp\htdocs\abejita\app\Controllers\proveedor.php(15): CodeIgniter\BaseModel->findAll()
#7 C:\xampp\htdocs\abejita\system\CodeIgniter.php(919): App\Controllers\proveedor->consultar()
#8 C:\xampp\htdocs\abejita\system\CodeIgniter.php(494): CodeIgniter\CodeIgniter->runController(Object(App\Controllers\proveedor))
#9 C:\xampp\htdocs\abejita\system\CodeIgniter.php(353): CodeIgniter\CodeIgniter->handleRequest(NULL, Object(Config\Cache), false)
#10 C:\xampp\htdocs\abejita\public\index.php(79): CodeIgniter\CodeIgniter->run()
#11 C:\xampp\htdocs\abejita\system\Commands\Server\rewrite.php(47): require_once('C:\\xampp\\htdocs...')
#12 {main}
CRITICAL - 2023-11-09 18:19:55 --> Unknown column 'Proveedor.deleted_at' in 'where clause'
in SYSTEMPATH\Database\BaseConnection.php on line 646.
 1 SYSTEMPATH\Database\BaseBuilder.php(1615): CodeIgniter\Database\BaseConnection->query('SELECT *
FROM `Proveedor`
WHERE `Proveedor`.`deleted_at` IS NULL', [], false)
 2 SYSTEMPATH\Model.php(237): CodeIgniter\Database\BaseBuilder->get()
 3 SYSTEMPATH\BaseModel.php(624): CodeIgniter\Model->doFindAll(0, 0)
 4 APPPATH\Controllers\proveedor.php(15): CodeIgniter\BaseModel->findAll()
 5 SYSTEMPATH\CodeIgniter.php(919): App\Controllers\proveedor->consultar()
 6 SYSTEMPATH\CodeIgniter.php(494): CodeIgniter\CodeIgniter->runController(Object(App\Controllers\proveedor))
 7 SYSTEMPATH\CodeIgniter.php(353): CodeIgniter\CodeIgniter->handleRequest(null, Object(Config\Cache), false)
 8 FCPATH\index.php(79): CodeIgniter\CodeIgniter->run()
 9 SYSTEMPATH\Commands\Server\rewrite.php(47): require_once('C:\\xampp\\htdocs\\abejita\\public\\index.php')
ERROR - 2023-11-09 18:24:05 --> mysqli_sql_exception: Unknown column 'Proveedor.deleted_at' in 'where clause' in C:\xampp\htdocs\abejita\system\Database\MySQLi\Connection.php:306
Stack trace:
#0 C:\xampp\htdocs\abejita\system\Database\MySQLi\Connection.php(306): mysqli->query('SELECT *\nFROM `...', 0)
#1 C:\xampp\htdocs\abejita\system\Database\BaseConnection.php(692): CodeIgniter\Database\MySQLi\Connection->execute('SELECT *\nFROM `...')
#2 C:\xampp\htdocs\abejita\system\Database\BaseConnection.php(606): CodeIgniter\Database\BaseConnection->simpleQuery('SELECT *\nFROM `...')
#3 C:\xampp\htdocs\abejita\system\Database\BaseBuilder.php(1615): CodeIgniter\Database\BaseConnection->query('SELECT *\nFROM `...', Array, false)
#4 C:\xampp\htdocs\abejita\system\Model.php(237): CodeIgniter\Database\BaseBuilder->get()
#5 C:\xampp\htdocs\abejita\system\BaseModel.php(624): CodeIgniter\Model->doFindAll(0, 0)
#6 C:\xampp\htdocs\abejita\app\Controllers\proveedor.php(15): CodeIgniter\BaseModel->findAll()
#7 C:\xampp\htdocs\abejita\system\CodeIgniter.php(919): App\Controllers\proveedor->consultar()
#8 C:\xampp\htdocs\abejita\system\CodeIgniter.php(494): CodeIgniter\CodeIgniter->runController(Object(App\Controllers\proveedor))
#9 C:\xampp\htdocs\abejita\system\CodeIgniter.php(353): CodeIgniter\CodeIgniter->handleRequest(NULL, Object(Config\Cache), false)
#10 C:\xampp\htdocs\abejita\public\index.php(79): CodeIgniter\CodeIgniter->run()
#11 C:\xampp\htdocs\abejita\system\Commands\Server\rewrite.php(47): require_once('C:\\xampp\\htdocs...')
#12 {main}
CRITICAL - 2023-11-09 18:24:05 --> Unknown column 'Proveedor.deleted_at' in 'where clause'
in SYSTEMPATH\Database\BaseConnection.php on line 646.
 1 SYSTEMPATH\Database\BaseBuilder.php(1615): CodeIgniter\Database\BaseConnection->query('SELECT *
FROM `Proveedor`
WHERE `Proveedor`.`deleted_at` IS NULL', [], false)
 2 SYSTEMPATH\Model.php(237): CodeIgniter\Database\BaseBuilder->get()
 3 SYSTEMPATH\BaseModel.php(624): CodeIgniter\Model->doFindAll(0, 0)
 4 APPPATH\Controllers\proveedor.php(15): CodeIgniter\BaseModel->findAll()
 5 SYSTEMPATH\CodeIgniter.php(919): App\Controllers\proveedor->consultar()
 6 SYSTEMPATH\CodeIgniter.php(494): CodeIgniter\CodeIgniter->runController(Object(App\Controllers\proveedor))
 7 SYSTEMPATH\CodeIgniter.php(353): CodeIgniter\CodeIgniter->handleRequest(null, Object(Config\Cache), false)
 8 FCPATH\index.php(79): CodeIgniter\CodeIgniter->run()
 9 SYSTEMPATH\Commands\Server\rewrite.php(47): require_once('C:\\xampp\\htdocs\\abejita\\public\\index.php')
ERROR - 2023-11-09 18:25:27 --> mysqli_sql_exception: Unknown column 'Proveedor.deleted_at' in 'where clause' in C:\xampp\htdocs\abejita\system\Database\MySQLi\Connection.php:306
Stack trace:
#0 C:\xampp\htdocs\abejita\system\Database\MySQLi\Connection.php(306): mysqli->query('SELECT *\nFROM `...', 0)
#1 C:\xampp\htdocs\abejita\system\Database\BaseConnection.php(692): CodeIgniter\Database\MySQLi\Connection->execute('SELECT *\nFROM `...')
#2 C:\xampp\htdocs\abejita\system\Database\BaseConnection.php(606): CodeIgniter\Database\BaseConnection->simpleQuery('SELECT *\nFROM `...')
#3 C:\xampp\htdocs\abejita\system\Database\BaseBuilder.php(1615): CodeIgniter\Database\BaseConnection->query('SELECT *\nFROM `...', Array, false)
#4 C:\xampp\htdocs\abejita\system\Model.php(237): CodeIgniter\Database\BaseBuilder->get()
#5 C:\xampp\htdocs\abejita\system\BaseModel.php(624): CodeIgniter\Model->doFindAll(0, 0)
#6 C:\xampp\htdocs\abejita\app\Controllers\proveedor.php(15): CodeIgniter\BaseModel->findAll()
#7 C:\xampp\htdocs\abejita\system\CodeIgniter.php(919): App\Controllers\proveedor->consultar()
#8 C:\xampp\htdocs\abejita\system\CodeIgniter.php(494): CodeIgniter\CodeIgniter->runController(Object(App\Controllers\proveedor))
#9 C:\xampp\htdocs\abejita\system\CodeIgniter.php(353): CodeIgniter\CodeIgniter->handleRequest(NULL, Object(Config\Cache), false)
#10 C:\xampp\htdocs\abejita\public\index.php(79): CodeIgniter\CodeIgniter->run()
#11 C:\xampp\htdocs\abejita\system\Commands\Server\rewrite.php(47): require_once('C:\\xampp\\htdocs...')
#12 {main}
CRITICAL - 2023-11-09 18:25:27 --> Unknown column 'Proveedor.deleted_at' in 'where clause'
in SYSTEMPATH\Database\BaseConnection.php on line 646.
 1 SYSTEMPATH\Database\BaseBuilder.php(1615): CodeIgniter\Database\BaseConnection->query('SELECT *
FROM `Proveedor`
WHERE `Proveedor`.`deleted_at` IS NULL', [], false)
 2 SYSTEMPATH\Model.php(237): CodeIgniter\Database\BaseBuilder->get()
 3 SYSTEMPATH\BaseModel.php(624): CodeIgniter\Model->doFindAll(0, 0)
 4 APPPATH\Controllers\proveedor.php(15): CodeIgniter\BaseModel->findAll()
 5 SYSTEMPATH\CodeIgniter.php(919): App\Controllers\proveedor->consultar()
 6 SYSTEMPATH\CodeIgniter.php(494): CodeIgniter\CodeIgniter->runController(Object(App\Controllers\proveedor))
 7 SYSTEMPATH\CodeIgniter.php(353): CodeIgniter\CodeIgniter->handleRequest(null, Object(Config\Cache), false)
 8 FCPATH\index.php(79): CodeIgniter\CodeIgniter->run()
 9 SYSTEMPATH\Commands\Server\rewrite.php(47): require_once('C:\\xampp\\htdocs\\abejita\\public\\index.php')
ERROR - 2023-11-09 18:34:13 --> mysqli_sql_exception: Unknown column 'Proveedor.deleted_at' in 'where clause' in C:\xampp\htdocs\abejita\system\Database\MySQLi\Connection.php:306
Stack trace:
#0 C:\xampp\htdocs\abejita\system\Database\MySQLi\Connection.php(306): mysqli->query('SELECT *\nFROM `...', 0)
#1 C:\xampp\htdocs\abejita\system\Database\BaseConnection.php(692): CodeIgniter\Database\MySQLi\Connection->execute('SELECT *\nFROM `...')
#2 C:\xampp\htdocs\abejita\system\Database\BaseConnection.php(606): CodeIgniter\Database\BaseConnection->simpleQuery('SELECT *\nFROM `...')
#3 C:\xampp\htdocs\abejita\system\Database\BaseBuilder.php(1615): CodeIgniter\Database\BaseConnection->query('SELECT *\nFROM `...', Array, false)
#4 C:\xampp\htdocs\abejita\system\Model.php(237): CodeIgniter\Database\BaseBuilder->get()
#5 C:\xampp\htdocs\abejita\system\BaseModel.php(624): CodeIgniter\Model->doFindAll(0, 0)
#6 C:\xampp\htdocs\abejita\app\Controllers\proveedor.php(15): CodeIgniter\BaseModel->findAll()
#7 C:\xampp\htdocs\abejita\system\CodeIgniter.php(919): App\Controllers\proveedor->consultar()
#8 C:\xampp\htdocs\abejita\system\CodeIgniter.php(494): CodeIgniter\CodeIgniter->runController(Object(App\Controllers\proveedor))
#9 C:\xampp\htdocs\abejita\system\CodeIgniter.php(353): CodeIgniter\CodeIgniter->handleRequest(NULL, Object(Config\Cache), false)
#10 C:\xampp\htdocs\abejita\public\index.php(79): CodeIgniter\CodeIgniter->run()
#11 C:\xampp\htdocs\abejita\system\Commands\Server\rewrite.php(47): require_once('C:\\xampp\\htdocs...')
#12 {main}
CRITICAL - 2023-11-09 18:34:13 --> Unknown column 'Proveedor.deleted_at' in 'where clause'
in SYSTEMPATH\Database\BaseConnection.php on line 646.
 1 SYSTEMPATH\Database\BaseBuilder.php(1615): CodeIgniter\Database\BaseConnection->query('SELECT *
FROM `Proveedor`
WHERE `Proveedor`.`deleted_at` IS NULL', [], false)
 2 SYSTEMPATH\Model.php(237): CodeIgniter\Database\BaseBuilder->get()
 3 SYSTEMPATH\BaseModel.php(624): CodeIgniter\Model->doFindAll(0, 0)
 4 APPPATH\Controllers\proveedor.php(15): CodeIgniter\BaseModel->findAll()
 5 SYSTEMPATH\CodeIgniter.php(919): App\Controllers\proveedor->consultar()
 6 SYSTEMPATH\CodeIgniter.php(494): CodeIgniter\CodeIgniter->runController(Object(App\Controllers\proveedor))
 7 SYSTEMPATH\CodeIgniter.php(353): CodeIgniter\CodeIgniter->handleRequest(null, Object(Config\Cache), false)
 8 FCPATH\index.php(79): CodeIgniter\CodeIgniter->run()
 9 SYSTEMPATH\Commands\Server\rewrite.php(47): require_once('C:\\xampp\\htdocs\\abejita\\public\\index.php')
ERROR - 2023-11-09 18:34:13 --> mysqli_sql_exception: Unknown column 'Proveedor.deleted_at' in 'where clause' in C:\xampp\htdocs\abejita\system\Database\MySQLi\Connection.php:306
Stack trace:
#0 C:\xampp\htdocs\abejita\system\Database\MySQLi\Connection.php(306): mysqli->query('SELECT *\nFROM `...', 0)
#1 C:\xampp\htdocs\abejita\system\Database\BaseConnection.php(692): CodeIgniter\Database\MySQLi\Connection->execute('SELECT *\nFROM `...')
#2 C:\xampp\htdocs\abejita\system\Database\BaseConnection.php(606): CodeIgniter\Database\BaseConnection->simpleQuery('SELECT *\nFROM `...')
#3 C:\xampp\htdocs\abejita\system\Database\BaseBuilder.php(1615): CodeIgniter\Database\BaseConnection->query('SELECT *\nFROM `...', Array, false)
#4 C:\xampp\htdocs\abejita\system\Model.php(237): CodeIgniter\Database\BaseBuilder->get()
#5 C:\xampp\htdocs\abejita\system\BaseModel.php(624): CodeIgniter\Model->doFindAll(0, 0)
#6 C:\xampp\htdocs\abejita\app\Controllers\proveedor.php(15): CodeIgniter\BaseModel->findAll()
#7 C:\xampp\htdocs\abejita\system\CodeIgniter.php(919): App\Controllers\proveedor->consultar()
#8 C:\xampp\htdocs\abejita\system\CodeIgniter.php(494): CodeIgniter\CodeIgniter->runController(Object(App\Controllers\proveedor))
#9 C:\xampp\htdocs\abejita\system\CodeIgniter.php(353): CodeIgniter\CodeIgniter->handleRequest(NULL, Object(Config\Cache), false)
#10 C:\xampp\htdocs\abejita\public\index.php(79): CodeIgniter\CodeIgniter->run()
#11 C:\xampp\htdocs\abejita\system\Commands\Server\rewrite.php(47): require_once('C:\\xampp\\htdocs...')
#12 {main}
CRITICAL - 2023-11-09 18:34:13 --> Unknown column 'Proveedor.deleted_at' in 'where clause'
in SYSTEMPATH\Database\BaseConnection.php on line 646.
 1 SYSTEMPATH\Database\BaseBuilder.php(1615): CodeIgniter\Database\BaseConnection->query('SELECT *
FROM `Proveedor`
WHERE `Proveedor`.`deleted_at` IS NULL', [], false)
 2 SYSTEMPATH\Model.php(237): CodeIgniter\Database\BaseBuilder->get()
 3 SYSTEMPATH\BaseModel.php(624): CodeIgniter\Model->doFindAll(0, 0)
 4 APPPATH\Controllers\proveedor.php(15): CodeIgniter\BaseModel->findAll()
 5 SYSTEMPATH\CodeIgniter.php(919): App\Controllers\proveedor->consultar()
 6 SYSTEMPATH\CodeIgniter.php(494): CodeIgniter\CodeIgniter->runController(Object(App\Controllers\proveedor))
 7 SYSTEMPATH\CodeIgniter.php(353): CodeIgniter\CodeIgniter->handleRequest(null, Object(Config\Cache), false)
 8 FCPATH\index.php(79): CodeIgniter\CodeIgniter->run()
 9 SYSTEMPATH\Commands\Server\rewrite.php(47): require_once('C:\\xampp\\htdocs\\abejita\\public\\index.php')
ERROR - 2023-11-09 18:34:36 --> mysqli_sql_exception: Unknown column 'Proveedor.deleted_at' in 'where clause' in C:\xampp\htdocs\abejita\system\Database\MySQLi\Connection.php:306
Stack trace:
#0 C:\xampp\htdocs\abejita\system\Database\MySQLi\Connection.php(306): mysqli->query('SELECT *\nFROM `...', 0)
#1 C:\xampp\htdocs\abejita\system\Database\BaseConnection.php(692): CodeIgniter\Database\MySQLi\Connection->execute('SELECT *\nFROM `...')
#2 C:\xampp\htdocs\abejita\system\Database\BaseConnection.php(606): CodeIgniter\Database\BaseConnection->simpleQuery('SELECT *\nFROM `...')
#3 C:\xampp\htdocs\abejita\system\Database\BaseBuilder.php(1615): CodeIgniter\Database\BaseConnection->query('SELECT *\nFROM `...', Array, false)
#4 C:\xampp\htdocs\abejita\system\Model.php(237): CodeIgniter\Database\BaseBuilder->get()
#5 C:\xampp\htdocs\abejita\system\BaseModel.php(624): CodeIgniter\Model->doFindAll(0, 0)
#6 C:\xampp\htdocs\abejita\app\Controllers\proveedor.php(15): CodeIgniter\BaseModel->findAll()
#7 C:\xampp\htdocs\abejita\system\CodeIgniter.php(919): App\Controllers\proveedor->consultar()
#8 C:\xampp\htdocs\abejita\system\CodeIgniter.php(494): CodeIgniter\CodeIgniter->runController(Object(App\Controllers\proveedor))
#9 C:\xampp\htdocs\abejita\system\CodeIgniter.php(353): CodeIgniter\CodeIgniter->handleRequest(NULL, Object(Config\Cache), false)
#10 C:\xampp\htdocs\abejita\public\index.php(79): CodeIgniter\CodeIgniter->run()
#11 C:\xampp\htdocs\abejita\system\Commands\Server\rewrite.php(47): require_once('C:\\xampp\\htdocs...')
#12 {main}
CRITICAL - 2023-11-09 18:34:36 --> Unknown column 'Proveedor.deleted_at' in 'where clause'
in SYSTEMPATH\Database\BaseConnection.php on line 646.
 1 SYSTEMPATH\Database\BaseBuilder.php(1615): CodeIgniter\Database\BaseConnection->query('SELECT *
FROM `Proveedor`
WHERE `Proveedor`.`deleted_at` IS NULL', [], false)
 2 SYSTEMPATH\Model.php(237): CodeIgniter\Database\BaseBuilder->get()
 3 SYSTEMPATH\BaseModel.php(624): CodeIgniter\Model->doFindAll(0, 0)
 4 APPPATH\Controllers\proveedor.php(15): CodeIgniter\BaseModel->findAll()
 5 SYSTEMPATH\CodeIgniter.php(919): App\Controllers\proveedor->consultar()
 6 SYSTEMPATH\CodeIgniter.php(494): CodeIgniter\CodeIgniter->runController(Object(App\Controllers\proveedor))
 7 SYSTEMPATH\CodeIgniter.php(353): CodeIgniter\CodeIgniter->handleRequest(null, Object(Config\Cache), false)
 8 FCPATH\index.php(79): CodeIgniter\CodeIgniter->run()
 9 SYSTEMPATH\Commands\Server\rewrite.php(47): require_once('C:\\xampp\\htdocs\\abejita\\public\\index.php')
ERROR - 2023-11-09 18:35:50 --> mysqli_sql_exception: Unknown column 'Proveedor.deleted_at' in 'where clause' in C:\xampp\htdocs\abejita\system\Database\MySQLi\Connection.php:306
Stack trace:
#0 C:\xampp\htdocs\abejita\system\Database\MySQLi\Connection.php(306): mysqli->query('SELECT *\nFROM `...', 0)
#1 C:\xampp\htdocs\abejita\system\Database\BaseConnection.php(692): CodeIgniter\Database\MySQLi\Connection->execute('SELECT *\nFROM `...')
#2 C:\xampp\htdocs\abejita\system\Database\BaseConnection.php(606): CodeIgniter\Database\BaseConnection->simpleQuery('SELECT *\nFROM `...')
#3 C:\xampp\htdocs\abejita\system\Database\BaseBuilder.php(1615): CodeIgniter\Database\BaseConnection->query('SELECT *\nFROM `...', Array, false)
#4 C:\xampp\htdocs\abejita\system\Model.php(237): CodeIgniter\Database\BaseBuilder->get()
#5 C:\xampp\htdocs\abejita\system\BaseModel.php(624): CodeIgniter\Model->doFindAll(0, 0)
#6 C:\xampp\htdocs\abejita\app\Controllers\proveedor.php(15): CodeIgniter\BaseModel->findAll()
#7 C:\xampp\htdocs\abejita\system\CodeIgniter.php(919): App\Controllers\proveedor->consultar()
#8 C:\xampp\htdocs\abejita\system\CodeIgniter.php(494): CodeIgniter\CodeIgniter->runController(Object(App\Controllers\proveedor))
#9 C:\xampp\htdocs\abejita\system\CodeIgniter.php(353): CodeIgniter\CodeIgniter->handleRequest(NULL, Object(Config\Cache), false)
#10 C:\xampp\htdocs\abejita\public\index.php(79): CodeIgniter\CodeIgniter->run()
#11 C:\xampp\htdocs\abejita\system\Commands\Server\rewrite.php(47): require_once('C:\\xampp\\htdocs...')
#12 {main}
CRITICAL - 2023-11-09 18:35:50 --> Unknown column 'Proveedor.deleted_at' in 'where clause'
in SYSTEMPATH\Database\BaseConnection.php on line 646.
 1 SYSTEMPATH\Database\BaseBuilder.php(1615): CodeIgniter\Database\BaseConnection->query('SELECT *
FROM `Proveedor`
WHERE `Proveedor`.`deleted_at` IS NULL', [], false)
 2 SYSTEMPATH\Model.php(237): CodeIgniter\Database\BaseBuilder->get()
 3 SYSTEMPATH\BaseModel.php(624): CodeIgniter\Model->doFindAll(0, 0)
 4 APPPATH\Controllers\proveedor.php(15): CodeIgniter\BaseModel->findAll()
 5 SYSTEMPATH\CodeIgniter.php(919): App\Controllers\proveedor->consultar()
 6 SYSTEMPATH\CodeIgniter.php(494): CodeIgniter\CodeIgniter->runController(Object(App\Controllers\proveedor))
 7 SYSTEMPATH\CodeIgniter.php(353): CodeIgniter\CodeIgniter->handleRequest(null, Object(Config\Cache), false)
 8 FCPATH\index.php(79): CodeIgniter\CodeIgniter->run()
 9 SYSTEMPATH\Commands\Server\rewrite.php(47): require_once('C:\\xampp\\htdocs\\abejita\\public\\index.php')
