ERROR - 2023-11-26 18:54:07 --> Error connecting to the database: mysqli_sql_exception: No se puede establecer una conexión ya que el equipo de destino denegó expresamente dicha conexión in C:\xampp\htdocs\abejita\system\Database\MySQLi\Connection.php:185
Stack trace:
#0 C:\xampp\htdocs\abejita\system\Database\MySQLi\Connection.php(185): mysqli->real_connect('localhost', 'root', '', 'tiendaabejita', 3306, '', 0)
#1 C:\xampp\htdocs\abejita\system\Database\BaseConnection.php(391): CodeIgniter\Database\MySQLi\Connection->connect(false)
#2 C:\xampp\htdocs\abejita\system\Database\BaseConnection.php(574): CodeIgniter\Database\BaseConnection->initialize()
#3 C:\xampp\htdocs\abejita\system\Database\BaseBuilder.php(1615): CodeIgniter\Database\BaseConnection->query('SELECT *\nFROM `...', Array, false)
#4 C:\xampp\htdocs\abejita\system\Model.php(237): CodeIgniter\Database\BaseBuilder->get()
#5 C:\xampp\htdocs\abejita\system\BaseModel.php(624): CodeIgniter\Model->doFindAll(0, 0)
#6 C:\xampp\htdocs\abejita\app\Controllers\vistas.php(20): CodeIgniter\BaseModel->findAll()
#7 C:\xampp\htdocs\abejita\system\CodeIgniter.php(919): App\Controllers\vistas->productosconsumohumano()
#8 C:\xampp\htdocs\abejita\system\CodeIgniter.php(494): CodeIgniter\CodeIgniter->runController(Object(App\Controllers\vistas))
#9 C:\xampp\htdocs\abejita\system\CodeIgniter.php(353): CodeIgniter\CodeIgniter->handleRequest(NULL, Object(Config\Cache), false)
#10 C:\xampp\htdocs\abejita\public\index.php(79): CodeIgniter\CodeIgniter->run()
#11 C:\xampp\htdocs\abejita\system\Commands\Server\rewrite.php(47): require_once('C:\\xampp\\htdocs...')
#12 {main}

Next CodeIgniter\Database\Exceptions\DatabaseException: No se puede establecer una conexión ya que el equipo de destino denegó expresamente dicha conexión in C:\xampp\htdocs\abejita\system\Database\MySQLi\Connection.php:229
Stack trace:
#0 C:\xampp\htdocs\abejita\system\Database\BaseConnection.php(391): CodeIgniter\Database\MySQLi\Connection->connect(false)
#1 C:\xampp\htdocs\abejita\system\Database\BaseConnection.php(574): CodeIgniter\Database\BaseConnection->initialize()
#2 C:\xampp\htdocs\abejita\system\Database\BaseBuilder.php(1615): CodeIgniter\Database\BaseConnection->query('SELECT *\nFROM `...', Array, false)
#3 C:\xampp\htdocs\abejita\system\Model.php(237): CodeIgniter\Database\BaseBuilder->get()
#4 C:\xampp\htdocs\abejita\system\BaseModel.php(624): CodeIgniter\Model->doFindAll(0, 0)
#5 C:\xampp\htdocs\abejita\app\Controllers\vistas.php(20): CodeIgniter\BaseModel->findAll()
#6 C:\xampp\htdocs\abejita\system\CodeIgniter.php(919): App\Controllers\vistas->productosconsumohumano()
#7 C:\xampp\htdocs\abejita\system\CodeIgniter.php(494): CodeIgniter\CodeIgniter->runController(Object(App\Controllers\vistas))
#8 C:\xampp\htdocs\abejita\system\CodeIgniter.php(353): CodeIgniter\CodeIgniter->handleRequest(NULL, Object(Config\Cache), false)
#9 C:\xampp\htdocs\abejita\public\index.php(79): CodeIgniter\CodeIgniter->run()
#10 C:\xampp\htdocs\abejita\system\Commands\Server\rewrite.php(47): require_once('C:\\xampp\\htdocs...')
#11 {main}
CRITICAL - 2023-11-26 18:54:07 --> Unable to connect to the database.
Main connection [MySQLi]: No se puede establecer una conexión ya que el equipo de destino denegó expresamente dicha conexión
in SYSTEMPATH\Database\BaseConnection.php on line 427.
 1 SYSTEMPATH\Database\BaseConnection.php(574): CodeIgniter\Database\BaseConnection->initialize()
 2 SYSTEMPATH\Database\BaseBuilder.php(1615): CodeIgniter\Database\BaseConnection->query('SELECT *
FROM `Producto`
WHERE `uso_producto` = :uso_producto:
AND `Producto`.`deleted_at` IS NULL', [...], false)
 3 SYSTEMPATH\Model.php(237): CodeIgniter\Database\BaseBuilder->get()
 4 SYSTEMPATH\BaseModel.php(624): CodeIgniter\Model->doFindAll(0, 0)
 5 APPPATH\Controllers\vistas.php(20): CodeIgniter\BaseModel->findAll()
 6 SYSTEMPATH\CodeIgniter.php(919): App\Controllers\vistas->productosconsumohumano()
 7 SYSTEMPATH\CodeIgniter.php(494): CodeIgniter\CodeIgniter->runController(Object(App\Controllers\vistas))
 8 SYSTEMPATH\CodeIgniter.php(353): CodeIgniter\CodeIgniter->handleRequest(null, Object(Config\Cache), false)
 9 FCPATH\index.php(79): CodeIgniter\CodeIgniter->run()
10 SYSTEMPATH\Commands\Server\rewrite.php(47): require_once('C:\\xampp\\htdocs\\abejita\\public\\index.php')
CRITICAL - 2023-11-26 18:58:45 --> Invalid file: "vistas/productos.php"
in SYSTEMPATH\Exceptions\FrameworkException.php on line 39.
 1 SYSTEMPATH\View\View.php(214): CodeIgniter\Exceptions\FrameworkException::forInvalidFile('vistas/productos.php')
 2 SYSTEMPATH\Common.php(1188): CodeIgniter\View\View->render('vistas/productos', [], true)
 3 APPPATH\Controllers\vistas.php(23): view('vistas/productos', [...])
 4 SYSTEMPATH\CodeIgniter.php(919): App\Controllers\vistas->productos()
 5 SYSTEMPATH\CodeIgniter.php(494): CodeIgniter\CodeIgniter->runController(Object(App\Controllers\vistas))
 6 SYSTEMPATH\CodeIgniter.php(353): CodeIgniter\CodeIgniter->handleRequest(null, Object(Config\Cache), false)
 7 FCPATH\index.php(79): CodeIgniter\CodeIgniter->run()
 8 SYSTEMPATH\Commands\Server\rewrite.php(47): require_once('C:\\xampp\\htdocs\\abejita\\public\\index.php')
