ERROR - 2023-11-16 17:20:14 --> Error connecting to the database: mysqli_sql_exception: No se puede establecer una conexión ya que el equipo de destino denegó expresamente dicha conexión in C:\xampp\htdocs\abejita\system\Database\MySQLi\Connection.php:185
Stack trace:
#0 C:\xampp\htdocs\abejita\system\Database\MySQLi\Connection.php(185): mysqli->real_connect('localhost', 'root', '', 'tiendaabejita', 3306, '', 0)
#1 C:\xampp\htdocs\abejita\system\Database\BaseConnection.php(391): CodeIgniter\Database\MySQLi\Connection->connect(false)
#2 C:\xampp\htdocs\abejita\system\Database\BaseConnection.php(574): CodeIgniter\Database\BaseConnection->initialize()
#3 C:\xampp\htdocs\abejita\system\Database\BaseBuilder.php(1615): CodeIgniter\Database\BaseConnection->query('SELECT *\nFROM `...', Array, false)
#4 C:\xampp\htdocs\abejita\system\Model.php(237): CodeIgniter\Database\BaseBuilder->get()
#5 C:\xampp\htdocs\abejita\system\BaseModel.php(624): CodeIgniter\Model->doFindAll(0, 0)
#6 C:\xampp\htdocs\abejita\app\Controllers\distribuidor.php(15): CodeIgniter\BaseModel->findAll()
#7 C:\xampp\htdocs\abejita\system\CodeIgniter.php(919): App\Controllers\distribuidor->consultar()
#8 C:\xampp\htdocs\abejita\system\CodeIgniter.php(494): CodeIgniter\CodeIgniter->runController(Object(App\Controllers\distribuidor))
#9 C:\xampp\htdocs\abejita\system\CodeIgniter.php(353): CodeIgniter\CodeIgniter->handleRequest(NULL, Object(Config\Cache), false)
#10 C:\xampp\htdocs\abejita\public\index.php(79): CodeIgniter\CodeIgniter->run()
#11 C:\xampp\htdocs\abejita\system\Commands\Server\rewrite.php(47): require_once('C:\\xampp\\htdocs...')
#12 {main}

Next CodeIgniter\Database\Exceptions\DatabaseException: No se puede establecer una conexión ya que el equipo de destino denegó expresamente dicha conexión in C:\xampp\htdocs\abejita\system\Database\MySQLi\Connection.php:229
Stack trace:
#0 C:\xampp\htdocs\abejita\system\Database\BaseConnection.php(391): CodeIgniter\Database\MySQLi\Connection->connect(false)
#1 C:\xampp\htdocs\abejita\system\Database\BaseConnection.php(574): CodeIgniter\Database\BaseConnection->initialize()
#2 C:\xampp\htdocs\abejita\system\Database\BaseBuilder.php(1615): CodeIgniter\Database\BaseConnection->query('SELECT *\nFROM `...', Array, false)
#3 C:\xampp\htdocs\abejita\system\Model.php(237): CodeIgniter\Database\BaseBuilder->get()
#4 C:\xampp\htdocs\abejita\system\BaseModel.php(624): CodeIgniter\Model->doFindAll(0, 0)
#5 C:\xampp\htdocs\abejita\app\Controllers\distribuidor.php(15): CodeIgniter\BaseModel->findAll()
#6 C:\xampp\htdocs\abejita\system\CodeIgniter.php(919): App\Controllers\distribuidor->consultar()
#7 C:\xampp\htdocs\abejita\system\CodeIgniter.php(494): CodeIgniter\CodeIgniter->runController(Object(App\Controllers\distribuidor))
#8 C:\xampp\htdocs\abejita\system\CodeIgniter.php(353): CodeIgniter\CodeIgniter->handleRequest(NULL, Object(Config\Cache), false)
#9 C:\xampp\htdocs\abejita\public\index.php(79): CodeIgniter\CodeIgniter->run()
#10 C:\xampp\htdocs\abejita\system\Commands\Server\rewrite.php(47): require_once('C:\\xampp\\htdocs...')
#11 {main}
CRITICAL - 2023-11-16 17:20:14 --> Unable to connect to the database.
Main connection [MySQLi]: No se puede establecer una conexión ya que el equipo de destino denegó expresamente dicha conexión
in SYSTEMPATH\Database\BaseConnection.php on line 427.
 1 SYSTEMPATH\Database\BaseConnection.php(574): CodeIgniter\Database\BaseConnection->initialize()
 2 SYSTEMPATH\Database\BaseBuilder.php(1615): CodeIgniter\Database\BaseConnection->query('SELECT *
FROM `Distribuidor`
WHERE `Distribuidor`.`deleted_at` IS NULL', [], false)
 3 SYSTEMPATH\Model.php(237): CodeIgniter\Database\BaseBuilder->get()
 4 SYSTEMPATH\BaseModel.php(624): CodeIgniter\Model->doFindAll(0, 0)
 5 APPPATH\Controllers\distribuidor.php(15): CodeIgniter\BaseModel->findAll()
 6 SYSTEMPATH\CodeIgniter.php(919): App\Controllers\distribuidor->consultar()
 7 SYSTEMPATH\CodeIgniter.php(494): CodeIgniter\CodeIgniter->runController(Object(App\Controllers\distribuidor))
 8 SYSTEMPATH\CodeIgniter.php(353): CodeIgniter\CodeIgniter->handleRequest(null, Object(Config\Cache), false)
 9 FCPATH\index.php(79): CodeIgniter\CodeIgniter->run()
10 SYSTEMPATH\Commands\Server\rewrite.php(47): require_once('C:\\xampp\\htdocs\\abejita\\public\\index.php')
ERROR - 2023-11-16 17:20:18 --> Error connecting to the database: mysqli_sql_exception: No se puede establecer una conexión ya que el equipo de destino denegó expresamente dicha conexión in C:\xampp\htdocs\abejita\system\Database\MySQLi\Connection.php:185
Stack trace:
#0 C:\xampp\htdocs\abejita\system\Database\MySQLi\Connection.php(185): mysqli->real_connect('localhost', 'root', '', 'tiendaabejita', 3306, '', 0)
#1 C:\xampp\htdocs\abejita\system\Database\BaseConnection.php(391): CodeIgniter\Database\MySQLi\Connection->connect(false)
#2 C:\xampp\htdocs\abejita\system\Database\BaseConnection.php(574): CodeIgniter\Database\BaseConnection->initialize()
#3 C:\xampp\htdocs\abejita\system\Database\BaseBuilder.php(1615): CodeIgniter\Database\BaseConnection->query('SELECT *\nFROM `...', Array, false)
#4 C:\xampp\htdocs\abejita\system\Model.php(237): CodeIgniter\Database\BaseBuilder->get()
#5 C:\xampp\htdocs\abejita\system\BaseModel.php(624): CodeIgniter\Model->doFindAll(0, 0)
#6 C:\xampp\htdocs\abejita\app\Controllers\proveedor.php(15): CodeIgniter\BaseModel->findAll()
#7 C:\xampp\htdocs\abejita\system\CodeIgniter.php(919): App\Controllers\proveedor->consultar()
#8 C:\xampp\htdocs\abejita\system\CodeIgniter.php(494): CodeIgniter\CodeIgniter->runController(Object(App\Controllers\proveedor))
#9 C:\xampp\htdocs\abejita\system\CodeIgniter.php(353): CodeIgniter\CodeIgniter->handleRequest(NULL, Object(Config\Cache), false)
#10 C:\xampp\htdocs\abejita\public\index.php(79): CodeIgniter\CodeIgniter->run()
#11 C:\xampp\htdocs\abejita\system\Commands\Server\rewrite.php(47): require_once('C:\\xampp\\htdocs...')
#12 {main}

Next CodeIgniter\Database\Exceptions\DatabaseException: No se puede establecer una conexión ya que el equipo de destino denegó expresamente dicha conexión in C:\xampp\htdocs\abejita\system\Database\MySQLi\Connection.php:229
Stack trace:
#0 C:\xampp\htdocs\abejita\system\Database\BaseConnection.php(391): CodeIgniter\Database\MySQLi\Connection->connect(false)
#1 C:\xampp\htdocs\abejita\system\Database\BaseConnection.php(574): CodeIgniter\Database\BaseConnection->initialize()
#2 C:\xampp\htdocs\abejita\system\Database\BaseBuilder.php(1615): CodeIgniter\Database\BaseConnection->query('SELECT *\nFROM `...', Array, false)
#3 C:\xampp\htdocs\abejita\system\Model.php(237): CodeIgniter\Database\BaseBuilder->get()
#4 C:\xampp\htdocs\abejita\system\BaseModel.php(624): CodeIgniter\Model->doFindAll(0, 0)
#5 C:\xampp\htdocs\abejita\app\Controllers\proveedor.php(15): CodeIgniter\BaseModel->findAll()
#6 C:\xampp\htdocs\abejita\system\CodeIgniter.php(919): App\Controllers\proveedor->consultar()
#7 C:\xampp\htdocs\abejita\system\CodeIgniter.php(494): CodeIgniter\CodeIgniter->runController(Object(App\Controllers\proveedor))
#8 C:\xampp\htdocs\abejita\system\CodeIgniter.php(353): CodeIgniter\CodeIgniter->handleRequest(NULL, Object(Config\Cache), false)
#9 C:\xampp\htdocs\abejita\public\index.php(79): CodeIgniter\CodeIgniter->run()
#10 C:\xampp\htdocs\abejita\system\Commands\Server\rewrite.php(47): require_once('C:\\xampp\\htdocs...')
#11 {main}
CRITICAL - 2023-11-16 17:20:18 --> Unable to connect to the database.
Main connection [MySQLi]: No se puede establecer una conexión ya que el equipo de destino denegó expresamente dicha conexión
in SYSTEMPATH\Database\BaseConnection.php on line 427.
 1 SYSTEMPATH\Database\BaseConnection.php(574): CodeIgniter\Database\BaseConnection->initialize()
 2 SYSTEMPATH\Database\BaseBuilder.php(1615): CodeIgniter\Database\BaseConnection->query('SELECT *
FROM `Proveedor`
WHERE `Proveedor`.`deleted_at` IS NULL', [], false)
 3 SYSTEMPATH\Model.php(237): CodeIgniter\Database\BaseBuilder->get()
 4 SYSTEMPATH\BaseModel.php(624): CodeIgniter\Model->doFindAll(0, 0)
 5 APPPATH\Controllers\proveedor.php(15): CodeIgniter\BaseModel->findAll()
 6 SYSTEMPATH\CodeIgniter.php(919): App\Controllers\proveedor->consultar()
 7 SYSTEMPATH\CodeIgniter.php(494): CodeIgniter\CodeIgniter->runController(Object(App\Controllers\proveedor))
 8 SYSTEMPATH\CodeIgniter.php(353): CodeIgniter\CodeIgniter->handleRequest(null, Object(Config\Cache), false)
 9 FCPATH\index.php(79): CodeIgniter\CodeIgniter->run()
10 SYSTEMPATH\Commands\Server\rewrite.php(47): require_once('C:\\xampp\\htdocs\\abejita\\public\\index.php')
CRITICAL - 2023-11-16 17:28:48 --> Undefined variable $distribuidor
in APPPATH\Views\categoria\editar.php on line 6.
 1 APPPATH\Views\categoria\editar.php(6): CodeIgniter\Debug\Exceptions->errorHandler(2, 'Undefined variable $distribuidor', 'C:\\xampp\\htdocs\\abejita\\app\\Views\\categoria\\editar.php', 6)
 2 SYSTEMPATH\View\View.php(226): include('C:\\xampp\\htdocs\\abejita\\app\\Views\\categoria\\editar.php')
 3 SYSTEMPATH\View\View.php(229): CodeIgniter\View\View->CodeIgniter\View\{closure}()
 4 SYSTEMPATH\Common.php(1188): CodeIgniter\View\View->render('categoria/editar', [], true)
 5 APPPATH\Controllers\categoria.php(53): view('categoria/editar', [...])
 6 SYSTEMPATH\CodeIgniter.php(919): App\Controllers\categoria->editar('1')
 7 SYSTEMPATH\CodeIgniter.php(494): CodeIgniter\CodeIgniter->runController(Object(App\Controllers\categoria))
 8 SYSTEMPATH\CodeIgniter.php(353): CodeIgniter\CodeIgniter->handleRequest(null, Object(Config\Cache), false)
 9 FCPATH\index.php(79): CodeIgniter\CodeIgniter->run()
10 SYSTEMPATH\Commands\Server\rewrite.php(47): require_once('C:\\xampp\\htdocs\\abejita\\public\\index.php')
CRITICAL - 2023-11-16 18:12:31 --> Undefined variable $categoria
in APPPATH\Views\categoria\agregar.php on line 7.
 1 APPPATH\Views\categoria\agregar.php(7): CodeIgniter\Debug\Exceptions->errorHandler(2, 'Undefined variable $categoria', 'C:\\xampp\\htdocs\\abejita\\app\\Views\\categoria\\agregar.php', 7)
 2 SYSTEMPATH\View\View.php(226): include('C:\\xampp\\htdocs\\abejita\\app\\Views\\categoria\\agregar.php')
 3 SYSTEMPATH\View\View.php(229): CodeIgniter\View\View->CodeIgniter\View\{closure}()
 4 SYSTEMPATH\Common.php(1188): CodeIgniter\View\View->render('categoria/agregar', [], true)
 5 APPPATH\Controllers\categoria.php(27): view('categoria/agregar')
 6 SYSTEMPATH\CodeIgniter.php(919): App\Controllers\categoria->agregar()
 7 SYSTEMPATH\CodeIgniter.php(494): CodeIgniter\CodeIgniter->runController(Object(App\Controllers\categoria))
 8 SYSTEMPATH\CodeIgniter.php(353): CodeIgniter\CodeIgniter->handleRequest(null, Object(Config\Cache), false)
 9 FCPATH\index.php(79): CodeIgniter\CodeIgniter->run()
10 SYSTEMPATH\Commands\Server\rewrite.php(47): require_once('C:\\xampp\\htdocs\\abejita\\public\\index.php')
