ERROR - 2023-11-17 01:05:51 --> Error connecting to the database: mysqli_sql_exception: No se puede establecer una conexión ya que el equipo de destino denegó expresamente dicha conexión in C:\xampp\htdocs\abejita\system\Database\MySQLi\Connection.php:185
Stack trace:
#0 C:\xampp\htdocs\abejita\system\Database\MySQLi\Connection.php(185): mysqli->real_connect('localhost', 'root', '', 'tiendaabejita', 3306, '', 0)
#1 C:\xampp\htdocs\abejita\system\Database\BaseConnection.php(391): CodeIgniter\Database\MySQLi\Connection->connect(false)
#2 C:\xampp\htdocs\abejita\system\Database\BaseConnection.php(574): CodeIgniter\Database\BaseConnection->initialize()
#3 C:\xampp\htdocs\abejita\system\Database\BaseBuilder.php(1615): CodeIgniter\Database\BaseConnection->query('SELECT *\nFROM `...', Array, false)
#4 C:\xampp\htdocs\abejita\system\Model.php(237): CodeIgniter\Database\BaseBuilder->get()
#5 C:\xampp\htdocs\abejita\system\BaseModel.php(624): CodeIgniter\Model->doFindAll(0, 0)
#6 C:\xampp\htdocs\abejita\app\Controllers\distribuidor.php(15): CodeIgniter\BaseModel->findAll()
#7 C:\xampp\htdocs\abejita\system\CodeIgniter.php(919): App\Controllers\distribuidor->consultar()
#8 C:\xampp\htdocs\abejita\system\CodeIgniter.php(494): CodeIgniter\CodeIgniter->runController(Object(App\Controllers\distribuidor))
#9 C:\xampp\htdocs\abejita\system\CodeIgniter.php(353): CodeIgniter\CodeIgniter->handleRequest(NULL, Object(Config\Cache), false)
#10 C:\xampp\htdocs\abejita\public\index.php(79): CodeIgniter\CodeIgniter->run()
#11 C:\xampp\htdocs\abejita\system\Commands\Server\rewrite.php(47): require_once('C:\\xampp\\htdocs...')
#12 {main}

Next CodeIgniter\Database\Exceptions\DatabaseException: No se puede establecer una conexión ya que el equipo de destino denegó expresamente dicha conexión in C:\xampp\htdocs\abejita\system\Database\MySQLi\Connection.php:229
Stack trace:
#0 C:\xampp\htdocs\abejita\system\Database\BaseConnection.php(391): CodeIgniter\Database\MySQLi\Connection->connect(false)
#1 C:\xampp\htdocs\abejita\system\Database\BaseConnection.php(574): CodeIgniter\Database\BaseConnection->initialize()
#2 C:\xampp\htdocs\abejita\system\Database\BaseBuilder.php(1615): CodeIgniter\Database\BaseConnection->query('SELECT *\nFROM `...', Array, false)
#3 C:\xampp\htdocs\abejita\system\Model.php(237): CodeIgniter\Database\BaseBuilder->get()
#4 C:\xampp\htdocs\abejita\system\BaseModel.php(624): CodeIgniter\Model->doFindAll(0, 0)
#5 C:\xampp\htdocs\abejita\app\Controllers\distribuidor.php(15): CodeIgniter\BaseModel->findAll()
#6 C:\xampp\htdocs\abejita\system\CodeIgniter.php(919): App\Controllers\distribuidor->consultar()
#7 C:\xampp\htdocs\abejita\system\CodeIgniter.php(494): CodeIgniter\CodeIgniter->runController(Object(App\Controllers\distribuidor))
#8 C:\xampp\htdocs\abejita\system\CodeIgniter.php(353): CodeIgniter\CodeIgniter->handleRequest(NULL, Object(Config\Cache), false)
#9 C:\xampp\htdocs\abejita\public\index.php(79): CodeIgniter\CodeIgniter->run()
#10 C:\xampp\htdocs\abejita\system\Commands\Server\rewrite.php(47): require_once('C:\\xampp\\htdocs...')
#11 {main}
CRITICAL - 2023-11-17 01:05:51 --> Unable to connect to the database.
Main connection [MySQLi]: No se puede establecer una conexión ya que el equipo de destino denegó expresamente dicha conexión
in SYSTEMPATH\Database\BaseConnection.php on line 427.
 1 SYSTEMPATH\Database\BaseConnection.php(574): CodeIgniter\Database\BaseConnection->initialize()
 2 SYSTEMPATH\Database\BaseBuilder.php(1615): CodeIgniter\Database\BaseConnection->query('SELECT *
FROM `Distribuidor`
WHERE `Distribuidor`.`deleted_at` IS NULL', [], false)
 3 SYSTEMPATH\Model.php(237): CodeIgniter\Database\BaseBuilder->get()
 4 SYSTEMPATH\BaseModel.php(624): CodeIgniter\Model->doFindAll(0, 0)
 5 APPPATH\Controllers\distribuidor.php(15): CodeIgniter\BaseModel->findAll()
 6 SYSTEMPATH\CodeIgniter.php(919): App\Controllers\distribuidor->consultar()
 7 SYSTEMPATH\CodeIgniter.php(494): CodeIgniter\CodeIgniter->runController(Object(App\Controllers\distribuidor))
 8 SYSTEMPATH\CodeIgniter.php(353): CodeIgniter\CodeIgniter->handleRequest(null, Object(Config\Cache), false)
 9 FCPATH\index.php(79): CodeIgniter\CodeIgniter->run()
10 SYSTEMPATH\Commands\Server\rewrite.php(47): require_once('C:\\xampp\\htdocs\\abejita\\public\\index.php')
CRITICAL - 2023-11-17 01:21:16 --> Invalid file: "common/menu.php"
in SYSTEMPATH\Exceptions\FrameworkException.php on line 39.
 1 SYSTEMPATH\View\View.php(214): CodeIgniter\Exceptions\FrameworkException::forInvalidFile('common/menu.php')
 2 SYSTEMPATH\Common.php(1188): CodeIgniter\View\View->render('common/menu', [], true)
 3 APPPATH\Controllers\producto.php(31): view('common/menu')
 4 SYSTEMPATH\CodeIgniter.php(919): App\Controllers\producto->agregar()
 5 SYSTEMPATH\CodeIgniter.php(494): CodeIgniter\CodeIgniter->runController(Object(App\Controllers\producto))
 6 SYSTEMPATH\CodeIgniter.php(353): CodeIgniter\CodeIgniter->handleRequest(null, Object(Config\Cache), false)
 7 FCPATH\index.php(79): CodeIgniter\CodeIgniter->run()
 8 SYSTEMPATH\Commands\Server\rewrite.php(47): require_once('C:\\xampp\\htdocs\\abejita\\public\\index.php')
CRITICAL - 2023-11-17 01:21:27 --> Invalid file: "common/menu.php"
in SYSTEMPATH\Exceptions\FrameworkException.php on line 39.
 1 SYSTEMPATH\View\View.php(214): CodeIgniter\Exceptions\FrameworkException::forInvalidFile('common/menu.php')
 2 SYSTEMPATH\Common.php(1188): CodeIgniter\View\View->render('common/menu', [], true)
 3 APPPATH\Controllers\producto.php(19): view('common/menu')
 4 SYSTEMPATH\CodeIgniter.php(919): App\Controllers\producto->consultar()
 5 SYSTEMPATH\CodeIgniter.php(494): CodeIgniter\CodeIgniter->runController(Object(App\Controllers\producto))
 6 SYSTEMPATH\CodeIgniter.php(353): CodeIgniter\CodeIgniter->handleRequest(null, Object(Config\Cache), false)
 7 FCPATH\index.php(79): CodeIgniter\CodeIgniter->run()
 8 SYSTEMPATH\Commands\Server\rewrite.php(47): require_once('C:\\xampp\\htdocs\\abejita\\public\\index.php')
CRITICAL - 2023-11-17 01:22:29 --> Invalid file: "common/menu.php"
in SYSTEMPATH\Exceptions\FrameworkException.php on line 39.
 1 SYSTEMPATH\View\View.php(214): CodeIgniter\Exceptions\FrameworkException::forInvalidFile('common/menu.php')
 2 SYSTEMPATH\Common.php(1188): CodeIgniter\View\View->render('common/menu', [], true)
 3 APPPATH\Controllers\producto.php(19): view('common/menu')
 4 SYSTEMPATH\CodeIgniter.php(919): App\Controllers\producto->consultar()
 5 SYSTEMPATH\CodeIgniter.php(494): CodeIgniter\CodeIgniter->runController(Object(App\Controllers\producto))
 6 SYSTEMPATH\CodeIgniter.php(353): CodeIgniter\CodeIgniter->handleRequest(null, Object(Config\Cache), false)
 7 FCPATH\index.php(79): CodeIgniter\CodeIgniter->run()
 8 SYSTEMPATH\Commands\Server\rewrite.php(47): require_once('C:\\xampp\\htdocs\\abejita\\public\\index.php')
CRITICAL - 2023-11-17 01:22:34 --> Invalid file: "common/menu.php"
in SYSTEMPATH\Exceptions\FrameworkException.php on line 39.
 1 SYSTEMPATH\View\View.php(214): CodeIgniter\Exceptions\FrameworkException::forInvalidFile('common/menu.php')
 2 SYSTEMPATH\Common.php(1188): CodeIgniter\View\View->render('common/menu', [], true)
 3 APPPATH\Controllers\producto.php(19): view('common/menu')
 4 SYSTEMPATH\CodeIgniter.php(919): App\Controllers\producto->consultar()
 5 SYSTEMPATH\CodeIgniter.php(494): CodeIgniter\CodeIgniter->runController(Object(App\Controllers\producto))
 6 SYSTEMPATH\CodeIgniter.php(353): CodeIgniter\CodeIgniter->handleRequest(null, Object(Config\Cache), false)
 7 FCPATH\index.php(79): CodeIgniter\CodeIgniter->run()
 8 SYSTEMPATH\Commands\Server\rewrite.php(47): require_once('C:\\xampp\\htdocs\\abejita\\public\\index.php')
CRITICAL - 2023-11-17 01:22:51 --> Invalid file: "common/menu.php"
in SYSTEMPATH\Exceptions\FrameworkException.php on line 39.
 1 SYSTEMPATH\View\View.php(214): CodeIgniter\Exceptions\FrameworkException::forInvalidFile('common/menu.php')
 2 SYSTEMPATH\Common.php(1188): CodeIgniter\View\View->render('common/menu', [], true)
 3 APPPATH\Controllers\producto.php(19): view('common/menu')
 4 SYSTEMPATH\CodeIgniter.php(919): App\Controllers\producto->consultar()
 5 SYSTEMPATH\CodeIgniter.php(494): CodeIgniter\CodeIgniter->runController(Object(App\Controllers\producto))
 6 SYSTEMPATH\CodeIgniter.php(353): CodeIgniter\CodeIgniter->handleRequest(null, Object(Config\Cache), false)
 7 FCPATH\index.php(79): CodeIgniter\CodeIgniter->run()
 8 SYSTEMPATH\Commands\Server\rewrite.php(47): require_once('C:\\xampp\\htdocs\\abejita\\public\\index.php')
CRITICAL - 2023-11-17 01:52:24 --> Undefined property: stdClass::$uso_producto
in APPPATH\Views\producto\agregar.php on line 31.
 1 APPPATH\Views\producto\agregar.php(31): CodeIgniter\Debug\Exceptions->errorHandler(2, 'Undefined property: stdClass::$uso_producto', 'C:\\xampp\\htdocs\\abejita\\app\\Views\\producto\\agregar.php', 31)
 2 SYSTEMPATH\View\View.php(226): include('C:\\xampp\\htdocs\\abejita\\app\\Views\\producto\\agregar.php')
 3 SYSTEMPATH\View\View.php(229): CodeIgniter\View\View->CodeIgniter\View\{closure}()
 4 SYSTEMPATH\Common.php(1188): CodeIgniter\View\View->render('producto/agregar', [], true)
 5 APPPATH\Controllers\producto.php(32): view('producto/agregar', [...])
 6 SYSTEMPATH\CodeIgniter.php(919): App\Controllers\producto->agregar()
 7 SYSTEMPATH\CodeIgniter.php(494): CodeIgniter\CodeIgniter->runController(Object(App\Controllers\producto))
 8 SYSTEMPATH\CodeIgniter.php(353): CodeIgniter\CodeIgniter->handleRequest(null, Object(Config\Cache), false)
 9 FCPATH\index.php(79): CodeIgniter\CodeIgniter->run()
10 SYSTEMPATH\Commands\Server\rewrite.php(47): require_once('C:\\xampp\\htdocs\\abejita\\public\\index.php')
CRITICAL - 2023-11-17 02:01:44 --> Undefined property: stdClass::$nombre
in APPPATH\Views\producto\agregar.php on line 31.
 1 APPPATH\Views\producto\agregar.php(31): CodeIgniter\Debug\Exceptions->errorHandler(2, 'Undefined property: stdClass::$nombre', 'C:\\xampp\\htdocs\\abejita\\app\\Views\\producto\\agregar.php', 31)
 2 SYSTEMPATH\View\View.php(226): include('C:\\xampp\\htdocs\\abejita\\app\\Views\\producto\\agregar.php')
 3 SYSTEMPATH\View\View.php(229): CodeIgniter\View\View->CodeIgniter\View\{closure}()
 4 SYSTEMPATH\Common.php(1188): CodeIgniter\View\View->render('producto/agregar', [], true)
 5 APPPATH\Controllers\producto.php(32): view('producto/agregar', [...])
 6 SYSTEMPATH\CodeIgniter.php(919): App\Controllers\producto->agregar()
 7 SYSTEMPATH\CodeIgniter.php(494): CodeIgniter\CodeIgniter->runController(Object(App\Controllers\producto))
 8 SYSTEMPATH\CodeIgniter.php(353): CodeIgniter\CodeIgniter->handleRequest(null, Object(Config\Cache), false)
 9 FCPATH\index.php(79): CodeIgniter\CodeIgniter->run()
10 SYSTEMPATH\Commands\Server\rewrite.php(47): require_once('C:\\xampp\\htdocs\\abejita\\public\\index.php')
CRITICAL - 2023-11-17 02:04:07 --> Undefined array key "descripcion"
in APPPATH\Controllers\producto.php on line 55.
 1 APPPATH\Controllers\producto.php(55): CodeIgniter\Debug\Exceptions->errorHandler(2, 'Undefined array key "descripcion"', 'C:\\xampp\\htdocs\\abejita\\app\\Controllers\\producto.php', 55)
 2 SYSTEMPATH\CodeIgniter.php(919): App\Controllers\producto->insert()
 3 SYSTEMPATH\CodeIgniter.php(494): CodeIgniter\CodeIgniter->runController(Object(App\Controllers\producto))
 4 SYSTEMPATH\CodeIgniter.php(353): CodeIgniter\CodeIgniter->handleRequest(null, Object(Config\Cache), false)
 5 FCPATH\index.php(79): CodeIgniter\CodeIgniter->run()
 6 SYSTEMPATH\Commands\Server\rewrite.php(47): require_once('C:\\xampp\\htdocs\\abejita\\public\\index.php')
CRITICAL - 2023-11-17 02:05:52 --> Undefined array key "descripcion"
in APPPATH\Controllers\producto.php on line 55.
 1 APPPATH\Controllers\producto.php(55): CodeIgniter\Debug\Exceptions->errorHandler(2, 'Undefined array key "descripcion"', 'C:\\xampp\\htdocs\\abejita\\app\\Controllers\\producto.php', 55)
 2 SYSTEMPATH\CodeIgniter.php(919): App\Controllers\producto->insert()
 3 SYSTEMPATH\CodeIgniter.php(494): CodeIgniter\CodeIgniter->runController(Object(App\Controllers\producto))
 4 SYSTEMPATH\CodeIgniter.php(353): CodeIgniter\CodeIgniter->handleRequest(null, Object(Config\Cache), false)
 5 FCPATH\index.php(79): CodeIgniter\CodeIgniter->run()
 6 SYSTEMPATH\Commands\Server\rewrite.php(47): require_once('C:\\xampp\\htdocs\\abejita\\public\\index.php')
CRITICAL - 2023-11-17 02:06:37 --> Undefined array key "descripcion"
in APPPATH\Controllers\producto.php on line 55.
 1 APPPATH\Controllers\producto.php(55): CodeIgniter\Debug\Exceptions->errorHandler(2, 'Undefined array key "descripcion"', 'C:\\xampp\\htdocs\\abejita\\app\\Controllers\\producto.php', 55)
 2 SYSTEMPATH\CodeIgniter.php(919): App\Controllers\producto->insert()
 3 SYSTEMPATH\CodeIgniter.php(494): CodeIgniter\CodeIgniter->runController(Object(App\Controllers\producto))
 4 SYSTEMPATH\CodeIgniter.php(353): CodeIgniter\CodeIgniter->handleRequest(null, Object(Config\Cache), false)
 5 FCPATH\index.php(79): CodeIgniter\CodeIgniter->run()
 6 SYSTEMPATH\Commands\Server\rewrite.php(47): require_once('C:\\xampp\\htdocs\\abejita\\public\\index.php')
CRITICAL - 2023-11-17 02:08:35 --> Undefined array key "descripcion"
in APPPATH\Controllers\producto.php on line 55.
 1 APPPATH\Controllers\producto.php(55): CodeIgniter\Debug\Exceptions->errorHandler(2, 'Undefined array key "descripcion"', 'C:\\xampp\\htdocs\\abejita\\app\\Controllers\\producto.php', 55)
 2 SYSTEMPATH\CodeIgniter.php(919): App\Controllers\producto->insert()
 3 SYSTEMPATH\CodeIgniter.php(494): CodeIgniter\CodeIgniter->runController(Object(App\Controllers\producto))
 4 SYSTEMPATH\CodeIgniter.php(353): CodeIgniter\CodeIgniter->handleRequest(null, Object(Config\Cache), false)
 5 FCPATH\index.php(79): CodeIgniter\CodeIgniter->run()
 6 SYSTEMPATH\Commands\Server\rewrite.php(47): require_once('C:\\xampp\\htdocs\\abejita\\public\\index.php')
CRITICAL - 2023-11-17 02:10:30 --> Call to a member function isValid() on null
in APPPATH\Controllers\producto.php on line 54.
 1 SYSTEMPATH\CodeIgniter.php(919): App\Controllers\producto->insert()
 2 SYSTEMPATH\CodeIgniter.php(494): CodeIgniter\CodeIgniter->runController(Object(App\Controllers\producto))
 3 SYSTEMPATH\CodeIgniter.php(353): CodeIgniter\CodeIgniter->handleRequest(null, Object(Config\Cache), false)
 4 FCPATH\index.php(79): CodeIgniter\CodeIgniter->run()
 5 SYSTEMPATH\Commands\Server\rewrite.php(47): require_once('C:\\xampp\\htdocs\\abejita\\public\\index.php')
CRITICAL - 2023-11-17 02:12:03 --> Call to a member function isValid() on null
in APPPATH\Controllers\producto.php on line 54.
 1 SYSTEMPATH\CodeIgniter.php(919): App\Controllers\producto->insert()
 2 SYSTEMPATH\CodeIgniter.php(494): CodeIgniter\CodeIgniter->runController(Object(App\Controllers\producto))
 3 SYSTEMPATH\CodeIgniter.php(353): CodeIgniter\CodeIgniter->handleRequest(null, Object(Config\Cache), false)
 4 FCPATH\index.php(79): CodeIgniter\CodeIgniter->run()
 5 SYSTEMPATH\Commands\Server\rewrite.php(47): require_once('C:\\xampp\\htdocs\\abejita\\public\\index.php')
CRITICAL - 2023-11-17 02:14:03 --> Call to a member function isValid() on null
in APPPATH\Controllers\producto.php on line 54.
 1 SYSTEMPATH\CodeIgniter.php(919): App\Controllers\producto->insert()
 2 SYSTEMPATH\CodeIgniter.php(494): CodeIgniter\CodeIgniter->runController(Object(App\Controllers\producto))
 3 SYSTEMPATH\CodeIgniter.php(353): CodeIgniter\CodeIgniter->handleRequest(null, Object(Config\Cache), false)
 4 FCPATH\index.php(79): CodeIgniter\CodeIgniter->run()
 5 SYSTEMPATH\Commands\Server\rewrite.php(47): require_once('C:\\xampp\\htdocs\\abejita\\public\\index.php')
CRITICAL - 2023-11-17 02:14:55 --> Call to a member function isValid() on null
in APPPATH\Controllers\producto.php on line 54.
 1 SYSTEMPATH\CodeIgniter.php(919): App\Controllers\producto->insert()
 2 SYSTEMPATH\CodeIgniter.php(494): CodeIgniter\CodeIgniter->runController(Object(App\Controllers\producto))
 3 SYSTEMPATH\CodeIgniter.php(353): CodeIgniter\CodeIgniter->handleRequest(null, Object(Config\Cache), false)
 4 FCPATH\index.php(79): CodeIgniter\CodeIgniter->run()
 5 SYSTEMPATH\Commands\Server\rewrite.php(47): require_once('C:\\xampp\\htdocs\\abejita\\public\\index.php')
CRITICAL - 2023-11-17 02:16:09 --> Call to a member function isValid() on null
in APPPATH\Controllers\producto.php on line 42.
 1 SYSTEMPATH\CodeIgniter.php(919): App\Controllers\producto->insert()
 2 SYSTEMPATH\CodeIgniter.php(494): CodeIgniter\CodeIgniter->runController(Object(App\Controllers\producto))
 3 SYSTEMPATH\CodeIgniter.php(353): CodeIgniter\CodeIgniter->handleRequest(null, Object(Config\Cache), false)
 4 FCPATH\index.php(79): CodeIgniter\CodeIgniter->run()
 5 SYSTEMPATH\Commands\Server\rewrite.php(47): require_once('C:\\xampp\\htdocs\\abejita\\public\\index.php')
CRITICAL - 2023-11-17 02:17:18 --> Call to a member function isValid() on null
in APPPATH\Controllers\producto.php on line 55.
 1 SYSTEMPATH\CodeIgniter.php(919): App\Controllers\producto->insert()
 2 SYSTEMPATH\CodeIgniter.php(494): CodeIgniter\CodeIgniter->runController(Object(App\Controllers\producto))
 3 SYSTEMPATH\CodeIgniter.php(353): CodeIgniter\CodeIgniter->handleRequest(null, Object(Config\Cache), false)
 4 FCPATH\index.php(79): CodeIgniter\CodeIgniter->run()
 5 SYSTEMPATH\Commands\Server\rewrite.php(47): require_once('C:\\xampp\\htdocs\\abejita\\public\\index.php')
CRITICAL - 2023-11-17 02:18:08 --> Call to a member function isValid() on null
in APPPATH\Controllers\producto.php on line 55.
 1 SYSTEMPATH\CodeIgniter.php(919): App\Controllers\producto->insert()
 2 SYSTEMPATH\CodeIgniter.php(494): CodeIgniter\CodeIgniter->runController(Object(App\Controllers\producto))
 3 SYSTEMPATH\CodeIgniter.php(353): CodeIgniter\CodeIgniter->handleRequest(null, Object(Config\Cache), false)
 4 FCPATH\index.php(79): CodeIgniter\CodeIgniter->run()
 5 SYSTEMPATH\Commands\Server\rewrite.php(47): require_once('C:\\xampp\\htdocs\\abejita\\public\\index.php')
CRITICAL - 2023-11-17 02:19:35 --> Call to a member function isValid() on null
in APPPATH\Controllers\producto.php on line 59.
 1 SYSTEMPATH\CodeIgniter.php(919): App\Controllers\producto->insert()
 2 SYSTEMPATH\CodeIgniter.php(494): CodeIgniter\CodeIgniter->runController(Object(App\Controllers\producto))
 3 SYSTEMPATH\CodeIgniter.php(353): CodeIgniter\CodeIgniter->handleRequest(null, Object(Config\Cache), false)
 4 FCPATH\index.php(79): CodeIgniter\CodeIgniter->run()
 5 SYSTEMPATH\Commands\Server\rewrite.php(47): require_once('C:\\xampp\\htdocs\\abejita\\public\\index.php')
CRITICAL - 2023-11-17 02:19:45 --> Call to a member function isValid() on null
in APPPATH\Controllers\producto.php on line 59.
 1 SYSTEMPATH\CodeIgniter.php(919): App\Controllers\producto->insert()
 2 SYSTEMPATH\CodeIgniter.php(494): CodeIgniter\CodeIgniter->runController(Object(App\Controllers\producto))
 3 SYSTEMPATH\CodeIgniter.php(353): CodeIgniter\CodeIgniter->handleRequest(null, Object(Config\Cache), false)
 4 FCPATH\index.php(79): CodeIgniter\CodeIgniter->run()
 5 SYSTEMPATH\Commands\Server\rewrite.php(47): require_once('C:\\xampp\\htdocs\\abejita\\public\\index.php')
CRITICAL - 2023-11-17 02:26:30 --> Call to a member function isValid() on null
in APPPATH\Controllers\producto.php on line 54.
 1 SYSTEMPATH\CodeIgniter.php(919): App\Controllers\producto->insert()
 2 SYSTEMPATH\CodeIgniter.php(494): CodeIgniter\CodeIgniter->runController(Object(App\Controllers\producto))
 3 SYSTEMPATH\CodeIgniter.php(353): CodeIgniter\CodeIgniter->handleRequest(null, Object(Config\Cache), false)
 4 FCPATH\index.php(79): CodeIgniter\CodeIgniter->run()
 5 SYSTEMPATH\Commands\Server\rewrite.php(47): require_once('C:\\xampp\\htdocs\\abejita\\public\\index.php')
CRITICAL - 2023-11-17 02:30:15 --> Call to a member function isValid() on null
in APPPATH\Controllers\producto.php on line 41.
 1 SYSTEMPATH\CodeIgniter.php(919): App\Controllers\producto->insert()
 2 SYSTEMPATH\CodeIgniter.php(494): CodeIgniter\CodeIgniter->runController(Object(App\Controllers\producto))
 3 SYSTEMPATH\CodeIgniter.php(353): CodeIgniter\CodeIgniter->handleRequest(null, Object(Config\Cache), false)
 4 FCPATH\index.php(79): CodeIgniter\CodeIgniter->run()
 5 SYSTEMPATH\Commands\Server\rewrite.php(47): require_once('C:\\xampp\\htdocs\\abejita\\public\\index.php')
CRITICAL - 2023-11-17 02:32:38 --> Call to a member function isValid() on null
in APPPATH\Controllers\producto.php on line 41.
 1 SYSTEMPATH\CodeIgniter.php(919): App\Controllers\producto->insert()
 2 SYSTEMPATH\CodeIgniter.php(494): CodeIgniter\CodeIgniter->runController(Object(App\Controllers\producto))
 3 SYSTEMPATH\CodeIgniter.php(353): CodeIgniter\CodeIgniter->handleRequest(null, Object(Config\Cache), false)
 4 FCPATH\index.php(79): CodeIgniter\CodeIgniter->run()
 5 SYSTEMPATH\Commands\Server\rewrite.php(47): require_once('C:\\xampp\\htdocs\\abejita\\public\\index.php')
CRITICAL - 2023-11-17 02:37:53 --> Undefined variable $producto
in APPPATH\Views\producto\consultar.php on line 7.
 1 APPPATH\Views\producto\consultar.php(7): CodeIgniter\Debug\Exceptions->errorHandler(2, 'Undefined variable $producto', 'C:\\xampp\\htdocs\\abejita\\app\\Views\\producto\\consultar.php', 7)
 2 SYSTEMPATH\View\View.php(226): include('C:\\xampp\\htdocs\\abejita\\app\\Views\\producto\\consultar.php')
 3 SYSTEMPATH\View\View.php(229): CodeIgniter\View\View->CodeIgniter\View\{closure}()
 4 SYSTEMPATH\Common.php(1188): CodeIgniter\View\View->render('producto/consultar', [], true)
 5 APPPATH\Controllers\producto.php(20): view('producto/consultar', [...])
 6 SYSTEMPATH\CodeIgniter.php(919): App\Controllers\producto->consultar()
 7 SYSTEMPATH\CodeIgniter.php(494): CodeIgniter\CodeIgniter->runController(Object(App\Controllers\producto))
 8 SYSTEMPATH\CodeIgniter.php(353): CodeIgniter\CodeIgniter->handleRequest(null, Object(Config\Cache), false)
 9 FCPATH\index.php(79): CodeIgniter\CodeIgniter->run()
10 SYSTEMPATH\Commands\Server\rewrite.php(47): require_once('C:\\xampp\\htdocs\\abejita\\public\\index.php')
CRITICAL - 2023-11-17 02:38:19 --> Undefined variable $producto
in APPPATH\Views\producto\consultar.php on line 9.
 1 APPPATH\Views\producto\consultar.php(9): CodeIgniter\Debug\Exceptions->errorHandler(2, 'Undefined variable $producto', 'C:\\xampp\\htdocs\\abejita\\app\\Views\\producto\\consultar.php', 9)
 2 SYSTEMPATH\View\View.php(226): include('C:\\xampp\\htdocs\\abejita\\app\\Views\\producto\\consultar.php')
 3 SYSTEMPATH\View\View.php(229): CodeIgniter\View\View->CodeIgniter\View\{closure}()
 4 SYSTEMPATH\Common.php(1188): CodeIgniter\View\View->render('producto/consultar', [], true)
 5 APPPATH\Controllers\producto.php(20): view('producto/consultar', [...])
 6 SYSTEMPATH\CodeIgniter.php(919): App\Controllers\producto->consultar()
 7 SYSTEMPATH\CodeIgniter.php(494): CodeIgniter\CodeIgniter->runController(Object(App\Controllers\producto))
 8 SYSTEMPATH\CodeIgniter.php(353): CodeIgniter\CodeIgniter->handleRequest(null, Object(Config\Cache), false)
 9 FCPATH\index.php(79): CodeIgniter\CodeIgniter->run()
10 SYSTEMPATH\Commands\Server\rewrite.php(47): require_once('C:\\xampp\\htdocs\\abejita\\public\\index.php')
CRITICAL - 2023-11-17 02:40:03 --> Undefined variable $producto
in APPPATH\Views\producto\consultar.php on line 77.
 1 APPPATH\Views\producto\consultar.php(77): CodeIgniter\Debug\Exceptions->errorHandler(2, 'Undefined variable $producto', 'C:\\xampp\\htdocs\\abejita\\app\\Views\\producto\\consultar.php', 77)
 2 SYSTEMPATH\View\View.php(226): include('C:\\xampp\\htdocs\\abejita\\app\\Views\\producto\\consultar.php')
 3 SYSTEMPATH\View\View.php(229): CodeIgniter\View\View->CodeIgniter\View\{closure}()
 4 SYSTEMPATH\Common.php(1188): CodeIgniter\View\View->render('producto/consultar', [], true)
 5 APPPATH\Controllers\producto.php(20): view('producto/consultar', [...])
 6 SYSTEMPATH\CodeIgniter.php(919): App\Controllers\producto->consultar()
 7 SYSTEMPATH\CodeIgniter.php(494): CodeIgniter\CodeIgniter->runController(Object(App\Controllers\producto))
 8 SYSTEMPATH\CodeIgniter.php(353): CodeIgniter\CodeIgniter->handleRequest(null, Object(Config\Cache), false)
 9 FCPATH\index.php(79): CodeIgniter\CodeIgniter->run()
10 SYSTEMPATH\Commands\Server\rewrite.php(47): require_once('C:\\xampp\\htdocs\\abejita\\public\\index.php')
CRITICAL - 2023-11-17 02:44:27 --> Undefined variable $producto
in APPPATH\Views\producto\consultar.php on line 77.
 1 APPPATH\Views\producto\consultar.php(77): CodeIgniter\Debug\Exceptions->errorHandler(2, 'Undefined variable $producto', 'C:\\xampp\\htdocs\\abejita\\app\\Views\\producto\\consultar.php', 77)
 2 SYSTEMPATH\View\View.php(226): include('C:\\xampp\\htdocs\\abejita\\app\\Views\\producto\\consultar.php')
 3 SYSTEMPATH\View\View.php(229): CodeIgniter\View\View->CodeIgniter\View\{closure}()
 4 SYSTEMPATH\Common.php(1188): CodeIgniter\View\View->render('producto/consultar', [], true)
 5 APPPATH\Controllers\producto.php(20): view('producto/consultar', [...])
 6 SYSTEMPATH\CodeIgniter.php(919): App\Controllers\producto->consultar()
 7 SYSTEMPATH\CodeIgniter.php(494): CodeIgniter\CodeIgniter->runController(Object(App\Controllers\producto))
 8 SYSTEMPATH\CodeIgniter.php(353): CodeIgniter\CodeIgniter->handleRequest(null, Object(Config\Cache), false)
 9 FCPATH\index.php(79): CodeIgniter\CodeIgniter->run()
10 SYSTEMPATH\Commands\Server\rewrite.php(47): require_once('C:\\xampp\\htdocs\\abejita\\public\\index.php')
CRITICAL - 2023-11-17 03:31:17 --> Undefined variable $proveedor
in APPPATH\Views\producto\consultar.php on line 42.
 1 APPPATH\Views\producto\consultar.php(42): CodeIgniter\Debug\Exceptions->errorHandler(2, 'Undefined variable $proveedor', 'C:\\xampp\\htdocs\\abejita\\app\\Views\\producto\\consultar.php', 42)
 2 SYSTEMPATH\View\View.php(226): include('C:\\xampp\\htdocs\\abejita\\app\\Views\\producto\\consultar.php')
 3 SYSTEMPATH\View\View.php(229): CodeIgniter\View\View->CodeIgniter\View\{closure}()
 4 SYSTEMPATH\Common.php(1188): CodeIgniter\View\View->render('producto/consultar', [], true)
 5 APPPATH\Controllers\producto.php(20): view('producto/consultar', [...])
 6 SYSTEMPATH\CodeIgniter.php(919): App\Controllers\producto->consultar()
 7 SYSTEMPATH\CodeIgniter.php(494): CodeIgniter\CodeIgniter->runController(Object(App\Controllers\producto))
 8 SYSTEMPATH\CodeIgniter.php(353): CodeIgniter\CodeIgniter->handleRequest(null, Object(Config\Cache), false)
 9 FCPATH\index.php(79): CodeIgniter\CodeIgniter->run()
10 SYSTEMPATH\Commands\Server\rewrite.php(47): require_once('C:\\xampp\\htdocs\\abejita\\public\\index.php')
CRITICAL - 2023-11-17 03:34:16 --> Undefined variable $categoria
in APPPATH\Views\categoria\editar.php on line 46.
 1 APPPATH\Views\categoria\editar.php(46): CodeIgniter\Debug\Exceptions->errorHandler(2, 'Undefined variable $categoria', 'C:\\xampp\\htdocs\\abejita\\app\\Views\\categoria\\editar.php', 46)
 2 SYSTEMPATH\View\View.php(226): include('C:\\xampp\\htdocs\\abejita\\app\\Views\\categoria\\editar.php')
 3 SYSTEMPATH\View\View.php(229): CodeIgniter\View\View->CodeIgniter\View\{closure}()
 4 SYSTEMPATH\Common.php(1188): CodeIgniter\View\View->render('categoria/editar', [], true)
 5 APPPATH\Controllers\producto.php(75): view('categoria/editar', [...])
 6 SYSTEMPATH\CodeIgniter.php(919): App\Controllers\producto->editar('3')
 7 SYSTEMPATH\CodeIgniter.php(494): CodeIgniter\CodeIgniter->runController(Object(App\Controllers\producto))
 8 SYSTEMPATH\CodeIgniter.php(353): CodeIgniter\CodeIgniter->handleRequest(null, Object(Config\Cache), false)
 9 FCPATH\index.php(79): CodeIgniter\CodeIgniter->run()
10 SYSTEMPATH\Commands\Server\rewrite.php(47): require_once('C:\\xampp\\htdocs\\abejita\\public\\index.php')
CRITICAL - 2023-11-17 03:34:27 --> Undefined variable $categoria
in APPPATH\Views\categoria\editar.php on line 46.
 1 APPPATH\Views\categoria\editar.php(46): CodeIgniter\Debug\Exceptions->errorHandler(2, 'Undefined variable $categoria', 'C:\\xampp\\htdocs\\abejita\\app\\Views\\categoria\\editar.php', 46)
 2 SYSTEMPATH\View\View.php(226): include('C:\\xampp\\htdocs\\abejita\\app\\Views\\categoria\\editar.php')
 3 SYSTEMPATH\View\View.php(229): CodeIgniter\View\View->CodeIgniter\View\{closure}()
 4 SYSTEMPATH\Common.php(1188): CodeIgniter\View\View->render('categoria/editar', [], true)
 5 APPPATH\Controllers\producto.php(75): view('categoria/editar', [...])
 6 SYSTEMPATH\CodeIgniter.php(919): App\Controllers\producto->editar('2')
 7 SYSTEMPATH\CodeIgniter.php(494): CodeIgniter\CodeIgniter->runController(Object(App\Controllers\producto))
 8 SYSTEMPATH\CodeIgniter.php(353): CodeIgniter\CodeIgniter->handleRequest(null, Object(Config\Cache), false)
 9 FCPATH\index.php(79): CodeIgniter\CodeIgniter->run()
10 SYSTEMPATH\Commands\Server\rewrite.php(47): require_once('C:\\xampp\\htdocs\\abejita\\public\\index.php')
CRITICAL - 2023-11-17 03:39:39 --> Undefined variable $categoria
in APPPATH\Views\categoria\editar.php on line 46.
 1 APPPATH\Views\categoria\editar.php(46): CodeIgniter\Debug\Exceptions->errorHandler(2, 'Undefined variable $categoria', 'C:\\xampp\\htdocs\\abejita\\app\\Views\\categoria\\editar.php', 46)
 2 SYSTEMPATH\View\View.php(226): include('C:\\xampp\\htdocs\\abejita\\app\\Views\\categoria\\editar.php')
 3 SYSTEMPATH\View\View.php(229): CodeIgniter\View\View->CodeIgniter\View\{closure}()
 4 SYSTEMPATH\Common.php(1188): CodeIgniter\View\View->render('categoria/editar', [], true)
 5 APPPATH\Controllers\producto.php(75): view('categoria/editar', [...])
 6 SYSTEMPATH\CodeIgniter.php(919): App\Controllers\producto->editar('3')
 7 SYSTEMPATH\CodeIgniter.php(494): CodeIgniter\CodeIgniter->runController(Object(App\Controllers\producto))
 8 SYSTEMPATH\CodeIgniter.php(353): CodeIgniter\CodeIgniter->handleRequest(null, Object(Config\Cache), false)
 9 FCPATH\index.php(79): CodeIgniter\CodeIgniter->run()
10 SYSTEMPATH\Commands\Server\rewrite.php(47): require_once('C:\\xampp\\htdocs\\abejita\\public\\index.php')
CRITICAL - 2023-11-17 03:43:48 --> Undefined variable $categoria
in APPPATH\Views\categoria\editar.php on line 46.
 1 APPPATH\Views\categoria\editar.php(46): CodeIgniter\Debug\Exceptions->errorHandler(2, 'Undefined variable $categoria', 'C:\\xampp\\htdocs\\abejita\\app\\Views\\categoria\\editar.php', 46)
 2 SYSTEMPATH\View\View.php(226): include('C:\\xampp\\htdocs\\abejita\\app\\Views\\categoria\\editar.php')
 3 SYSTEMPATH\View\View.php(229): CodeIgniter\View\View->CodeIgniter\View\{closure}()
 4 SYSTEMPATH\Common.php(1188): CodeIgniter\View\View->render('categoria/editar', [], true)
 5 APPPATH\Controllers\producto.php(75): view('categoria/editar', [...])
 6 SYSTEMPATH\CodeIgniter.php(919): App\Controllers\producto->editar('3')
 7 SYSTEMPATH\CodeIgniter.php(494): CodeIgniter\CodeIgniter->runController(Object(App\Controllers\producto))
 8 SYSTEMPATH\CodeIgniter.php(353): CodeIgniter\CodeIgniter->handleRequest(null, Object(Config\Cache), false)
 9 FCPATH\index.php(79): CodeIgniter\CodeIgniter->run()
10 SYSTEMPATH\Commands\Server\rewrite.php(47): require_once('C:\\xampp\\htdocs\\abejita\\public\\index.php')
CRITICAL - 2023-11-17 03:43:50 --> Undefined variable $categoria
in APPPATH\Views\categoria\editar.php on line 46.
 1 APPPATH\Views\categoria\editar.php(46): CodeIgniter\Debug\Exceptions->errorHandler(2, 'Undefined variable $categoria', 'C:\\xampp\\htdocs\\abejita\\app\\Views\\categoria\\editar.php', 46)
 2 SYSTEMPATH\View\View.php(226): include('C:\\xampp\\htdocs\\abejita\\app\\Views\\categoria\\editar.php')
 3 SYSTEMPATH\View\View.php(229): CodeIgniter\View\View->CodeIgniter\View\{closure}()
 4 SYSTEMPATH\Common.php(1188): CodeIgniter\View\View->render('categoria/editar', [], true)
 5 APPPATH\Controllers\producto.php(75): view('categoria/editar', [...])
 6 SYSTEMPATH\CodeIgniter.php(919): App\Controllers\producto->editar('3')
 7 SYSTEMPATH\CodeIgniter.php(494): CodeIgniter\CodeIgniter->runController(Object(App\Controllers\producto))
 8 SYSTEMPATH\CodeIgniter.php(353): CodeIgniter\CodeIgniter->handleRequest(null, Object(Config\Cache), false)
 9 FCPATH\index.php(79): CodeIgniter\CodeIgniter->run()
10 SYSTEMPATH\Commands\Server\rewrite.php(47): require_once('C:\\xampp\\htdocs\\abejita\\public\\index.php')
CRITICAL - 2023-11-17 03:43:51 --> Undefined variable $categoria
in APPPATH\Views\categoria\editar.php on line 46.
 1 APPPATH\Views\categoria\editar.php(46): CodeIgniter\Debug\Exceptions->errorHandler(2, 'Undefined variable $categoria', 'C:\\xampp\\htdocs\\abejita\\app\\Views\\categoria\\editar.php', 46)
 2 SYSTEMPATH\View\View.php(226): include('C:\\xampp\\htdocs\\abejita\\app\\Views\\categoria\\editar.php')
 3 SYSTEMPATH\View\View.php(229): CodeIgniter\View\View->CodeIgniter\View\{closure}()
 4 SYSTEMPATH\Common.php(1188): CodeIgniter\View\View->render('categoria/editar', [], true)
 5 APPPATH\Controllers\producto.php(75): view('categoria/editar', [...])
 6 SYSTEMPATH\CodeIgniter.php(919): App\Controllers\producto->editar('3')
 7 SYSTEMPATH\CodeIgniter.php(494): CodeIgniter\CodeIgniter->runController(Object(App\Controllers\producto))
 8 SYSTEMPATH\CodeIgniter.php(353): CodeIgniter\CodeIgniter->handleRequest(null, Object(Config\Cache), false)
 9 FCPATH\index.php(79): CodeIgniter\CodeIgniter->run()
10 SYSTEMPATH\Commands\Server\rewrite.php(47): require_once('C:\\xampp\\htdocs\\abejita\\public\\index.php')
CRITICAL - 2023-11-17 03:43:52 --> Undefined variable $categoria
in APPPATH\Views\categoria\editar.php on line 46.
 1 APPPATH\Views\categoria\editar.php(46): CodeIgniter\Debug\Exceptions->errorHandler(2, 'Undefined variable $categoria', 'C:\\xampp\\htdocs\\abejita\\app\\Views\\categoria\\editar.php', 46)
 2 SYSTEMPATH\View\View.php(226): include('C:\\xampp\\htdocs\\abejita\\app\\Views\\categoria\\editar.php')
 3 SYSTEMPATH\View\View.php(229): CodeIgniter\View\View->CodeIgniter\View\{closure}()
 4 SYSTEMPATH\Common.php(1188): CodeIgniter\View\View->render('categoria/editar', [], true)
 5 APPPATH\Controllers\producto.php(75): view('categoria/editar', [...])
 6 SYSTEMPATH\CodeIgniter.php(919): App\Controllers\producto->editar('3')
 7 SYSTEMPATH\CodeIgniter.php(494): CodeIgniter\CodeIgniter->runController(Object(App\Controllers\producto))
 8 SYSTEMPATH\CodeIgniter.php(353): CodeIgniter\CodeIgniter->handleRequest(null, Object(Config\Cache), false)
 9 FCPATH\index.php(79): CodeIgniter\CodeIgniter->run()
10 SYSTEMPATH\Commands\Server\rewrite.php(47): require_once('C:\\xampp\\htdocs\\abejita\\public\\index.php')
CRITICAL - 2023-11-17 03:43:53 --> Undefined variable $categoria
in APPPATH\Views\categoria\editar.php on line 46.
 1 APPPATH\Views\categoria\editar.php(46): CodeIgniter\Debug\Exceptions->errorHandler(2, 'Undefined variable $categoria', 'C:\\xampp\\htdocs\\abejita\\app\\Views\\categoria\\editar.php', 46)
 2 SYSTEMPATH\View\View.php(226): include('C:\\xampp\\htdocs\\abejita\\app\\Views\\categoria\\editar.php')
 3 SYSTEMPATH\View\View.php(229): CodeIgniter\View\View->CodeIgniter\View\{closure}()
 4 SYSTEMPATH\Common.php(1188): CodeIgniter\View\View->render('categoria/editar', [], true)
 5 APPPATH\Controllers\producto.php(75): view('categoria/editar', [...])
 6 SYSTEMPATH\CodeIgniter.php(919): App\Controllers\producto->editar('3')
 7 SYSTEMPATH\CodeIgniter.php(494): CodeIgniter\CodeIgniter->runController(Object(App\Controllers\producto))
 8 SYSTEMPATH\CodeIgniter.php(353): CodeIgniter\CodeIgniter->handleRequest(null, Object(Config\Cache), false)
 9 FCPATH\index.php(79): CodeIgniter\CodeIgniter->run()
10 SYSTEMPATH\Commands\Server\rewrite.php(47): require_once('C:\\xampp\\htdocs\\abejita\\public\\index.php')
CRITICAL - 2023-11-17 03:43:54 --> Undefined variable $categoria
in APPPATH\Views\categoria\editar.php on line 46.
 1 APPPATH\Views\categoria\editar.php(46): CodeIgniter\Debug\Exceptions->errorHandler(2, 'Undefined variable $categoria', 'C:\\xampp\\htdocs\\abejita\\app\\Views\\categoria\\editar.php', 46)
 2 SYSTEMPATH\View\View.php(226): include('C:\\xampp\\htdocs\\abejita\\app\\Views\\categoria\\editar.php')
 3 SYSTEMPATH\View\View.php(229): CodeIgniter\View\View->CodeIgniter\View\{closure}()
 4 SYSTEMPATH\Common.php(1188): CodeIgniter\View\View->render('categoria/editar', [], true)
 5 APPPATH\Controllers\producto.php(75): view('categoria/editar', [...])
 6 SYSTEMPATH\CodeIgniter.php(919): App\Controllers\producto->editar('3')
 7 SYSTEMPATH\CodeIgniter.php(494): CodeIgniter\CodeIgniter->runController(Object(App\Controllers\producto))
 8 SYSTEMPATH\CodeIgniter.php(353): CodeIgniter\CodeIgniter->handleRequest(null, Object(Config\Cache), false)
 9 FCPATH\index.php(79): CodeIgniter\CodeIgniter->run()
10 SYSTEMPATH\Commands\Server\rewrite.php(47): require_once('C:\\xampp\\htdocs\\abejita\\public\\index.php')
CRITICAL - 2023-11-17 03:44:46 --> Undefined variable $categoria
in APPPATH\Views\categoria\editar.php on line 46.
 1 APPPATH\Views\categoria\editar.php(46): CodeIgniter\Debug\Exceptions->errorHandler(2, 'Undefined variable $categoria', 'C:\\xampp\\htdocs\\abejita\\app\\Views\\categoria\\editar.php', 46)
 2 SYSTEMPATH\View\View.php(226): include('C:\\xampp\\htdocs\\abejita\\app\\Views\\categoria\\editar.php')
 3 SYSTEMPATH\View\View.php(229): CodeIgniter\View\View->CodeIgniter\View\{closure}()
 4 SYSTEMPATH\Common.php(1188): CodeIgniter\View\View->render('categoria/editar', [], true)
 5 APPPATH\Controllers\producto.php(75): view('categoria/editar', [...])
 6 SYSTEMPATH\CodeIgniter.php(919): App\Controllers\producto->editar('3')
 7 SYSTEMPATH\CodeIgniter.php(494): CodeIgniter\CodeIgniter->runController(Object(App\Controllers\producto))
 8 SYSTEMPATH\CodeIgniter.php(353): CodeIgniter\CodeIgniter->handleRequest(null, Object(Config\Cache), false)
 9 FCPATH\index.php(79): CodeIgniter\CodeIgniter->run()
10 SYSTEMPATH\Commands\Server\rewrite.php(47): require_once('C:\\xampp\\htdocs\\abejita\\public\\index.php')
CRITICAL - 2023-11-17 03:45:56 --> Undefined variable $categoria
in APPPATH\Views\categoria\editar.php on line 46.
 1 APPPATH\Views\categoria\editar.php(46): CodeIgniter\Debug\Exceptions->errorHandler(2, 'Undefined variable $categoria', 'C:\\xampp\\htdocs\\abejita\\app\\Views\\categoria\\editar.php', 46)
 2 SYSTEMPATH\View\View.php(226): include('C:\\xampp\\htdocs\\abejita\\app\\Views\\categoria\\editar.php')
 3 SYSTEMPATH\View\View.php(229): CodeIgniter\View\View->CodeIgniter\View\{closure}()
 4 SYSTEMPATH\Common.php(1188): CodeIgniter\View\View->render('categoria/editar', [], true)
 5 APPPATH\Controllers\producto.php(75): view('categoria/editar', [...])
 6 SYSTEMPATH\CodeIgniter.php(919): App\Controllers\producto->editar('3')
 7 SYSTEMPATH\CodeIgniter.php(494): CodeIgniter\CodeIgniter->runController(Object(App\Controllers\producto))
 8 SYSTEMPATH\CodeIgniter.php(353): CodeIgniter\CodeIgniter->handleRequest(null, Object(Config\Cache), false)
 9 FCPATH\index.php(79): CodeIgniter\CodeIgniter->run()
10 SYSTEMPATH\Commands\Server\rewrite.php(47): require_once('C:\\xampp\\htdocs\\abejita\\public\\index.php')
CRITICAL - 2023-11-17 03:46:04 --> Undefined variable $proveedorModel
in APPPATH\Controllers\categoria.php on line 15.
 1 APPPATH\Controllers\categoria.php(15): CodeIgniter\Debug\Exceptions->errorHandler(2, 'Undefined variable $proveedorModel', 'C:\\xampp\\htdocs\\abejita\\app\\Controllers\\categoria.php', 15)
 2 SYSTEMPATH\CodeIgniter.php(919): App\Controllers\categoria->consultar()
 3 SYSTEMPATH\CodeIgniter.php(494): CodeIgniter\CodeIgniter->runController(Object(App\Controllers\categoria))
 4 SYSTEMPATH\CodeIgniter.php(353): CodeIgniter\CodeIgniter->handleRequest(null, Object(Config\Cache), false)
 5 FCPATH\index.php(79): CodeIgniter\CodeIgniter->run()
 6 SYSTEMPATH\Commands\Server\rewrite.php(47): require_once('C:\\xampp\\htdocs\\abejita\\public\\index.php')
CRITICAL - 2023-11-17 03:46:28 --> Undefined variable $catgoriaModel
in APPPATH\Controllers\categoria.php on line 15.
 1 APPPATH\Controllers\categoria.php(15): CodeIgniter\Debug\Exceptions->errorHandler(2, 'Undefined variable $catgoriaModel', 'C:\\xampp\\htdocs\\abejita\\app\\Controllers\\categoria.php', 15)
 2 SYSTEMPATH\CodeIgniter.php(919): App\Controllers\categoria->consultar()
 3 SYSTEMPATH\CodeIgniter.php(494): CodeIgniter\CodeIgniter->runController(Object(App\Controllers\categoria))
 4 SYSTEMPATH\CodeIgniter.php(353): CodeIgniter\CodeIgniter->handleRequest(null, Object(Config\Cache), false)
 5 FCPATH\index.php(79): CodeIgniter\CodeIgniter->run()
 6 SYSTEMPATH\Commands\Server\rewrite.php(47): require_once('C:\\xampp\\htdocs\\abejita\\public\\index.php')
CRITICAL - 2023-11-17 03:47:29 --> Undefined variable $categoria
in APPPATH\Views\categoria\editar.php on line 46.
 1 APPPATH\Views\categoria\editar.php(46): CodeIgniter\Debug\Exceptions->errorHandler(2, 'Undefined variable $categoria', 'C:\\xampp\\htdocs\\abejita\\app\\Views\\categoria\\editar.php', 46)
 2 SYSTEMPATH\View\View.php(226): include('C:\\xampp\\htdocs\\abejita\\app\\Views\\categoria\\editar.php')
 3 SYSTEMPATH\View\View.php(229): CodeIgniter\View\View->CodeIgniter\View\{closure}()
 4 SYSTEMPATH\Common.php(1188): CodeIgniter\View\View->render('categoria/editar', [], true)
 5 APPPATH\Controllers\producto.php(75): view('categoria/editar', [...])
 6 SYSTEMPATH\CodeIgniter.php(919): App\Controllers\producto->editar('1')
 7 SYSTEMPATH\CodeIgniter.php(494): CodeIgniter\CodeIgniter->runController(Object(App\Controllers\producto))
 8 SYSTEMPATH\CodeIgniter.php(353): CodeIgniter\CodeIgniter->handleRequest(null, Object(Config\Cache), false)
 9 FCPATH\index.php(79): CodeIgniter\CodeIgniter->run()
10 SYSTEMPATH\Commands\Server\rewrite.php(47): require_once('C:\\xampp\\htdocs\\abejita\\public\\index.php')
CRITICAL - 2023-11-17 03:49:28 --> Undefined variable $categoria
in APPPATH\Views\categoria\editar.php on line 46.
 1 APPPATH\Views\categoria\editar.php(46): CodeIgniter\Debug\Exceptions->errorHandler(2, 'Undefined variable $categoria', 'C:\\xampp\\htdocs\\abejita\\app\\Views\\categoria\\editar.php', 46)
 2 SYSTEMPATH\View\View.php(226): include('C:\\xampp\\htdocs\\abejita\\app\\Views\\categoria\\editar.php')
 3 SYSTEMPATH\View\View.php(229): CodeIgniter\View\View->CodeIgniter\View\{closure}()
 4 SYSTEMPATH\Common.php(1188): CodeIgniter\View\View->render('categoria/editar', [], true)
 5 APPPATH\Controllers\producto.php(75): view('categoria/editar', [...])
 6 SYSTEMPATH\CodeIgniter.php(919): App\Controllers\producto->editar('3')
 7 SYSTEMPATH\CodeIgniter.php(494): CodeIgniter\CodeIgniter->runController(Object(App\Controllers\producto))
 8 SYSTEMPATH\CodeIgniter.php(353): CodeIgniter\CodeIgniter->handleRequest(null, Object(Config\Cache), false)
 9 FCPATH\index.php(79): CodeIgniter\CodeIgniter->run()
10 SYSTEMPATH\Commands\Server\rewrite.php(47): require_once('C:\\xampp\\htdocs\\abejita\\public\\index.php')
CRITICAL - 2023-11-17 03:49:34 --> Invalid file: "nombre_de_la_vista_editar.php"
in SYSTEMPATH\Exceptions\FrameworkException.php on line 39.
 1 SYSTEMPATH\View\View.php(214): CodeIgniter\Exceptions\FrameworkException::forInvalidFile('nombre_de_la_vista_editar.php')
 2 SYSTEMPATH\Common.php(1188): CodeIgniter\View\View->render('nombre_de_la_vista_editar', [], true)
 3 APPPATH\Controllers\categoria.php(51): view('nombre_de_la_vista_editar', [...])
 4 SYSTEMPATH\CodeIgniter.php(919): App\Controllers\categoria->editar('1')
 5 SYSTEMPATH\CodeIgniter.php(494): CodeIgniter\CodeIgniter->runController(Object(App\Controllers\categoria))
 6 SYSTEMPATH\CodeIgniter.php(353): CodeIgniter\CodeIgniter->handleRequest(null, Object(Config\Cache), false)
 7 FCPATH\index.php(79): CodeIgniter\CodeIgniter->run()
 8 SYSTEMPATH\Commands\Server\rewrite.php(47): require_once('C:\\xampp\\htdocs\\abejita\\public\\index.php')
CRITICAL - 2023-11-17 03:50:53 --> Undefined variable $categoriaModel
in APPPATH\Controllers\producto.php on line 64.
 1 APPPATH\Controllers\producto.php(64): CodeIgniter\Debug\Exceptions->errorHandler(2, 'Undefined variable $categoriaModel', 'C:\\xampp\\htdocs\\abejita\\app\\Controllers\\producto.php', 64)
 2 SYSTEMPATH\CodeIgniter.php(919): App\Controllers\producto->delete('4')
 3 SYSTEMPATH\CodeIgniter.php(494): CodeIgniter\CodeIgniter->runController(Object(App\Controllers\producto))
 4 SYSTEMPATH\CodeIgniter.php(353): CodeIgniter\CodeIgniter->handleRequest(null, Object(Config\Cache), false)
 5 FCPATH\index.php(79): CodeIgniter\CodeIgniter->run()
 6 SYSTEMPATH\Commands\Server\rewrite.php(47): require_once('C:\\xampp\\htdocs\\abejita\\public\\index.php')
CRITICAL - 2023-11-17 03:51:53 --> Undefined variable $categoria
in APPPATH\Views\categoria\editar.php on line 46.
 1 APPPATH\Views\categoria\editar.php(46): CodeIgniter\Debug\Exceptions->errorHandler(2, 'Undefined variable $categoria', 'C:\\xampp\\htdocs\\abejita\\app\\Views\\categoria\\editar.php', 46)
 2 SYSTEMPATH\View\View.php(226): include('C:\\xampp\\htdocs\\abejita\\app\\Views\\categoria\\editar.php')
 3 SYSTEMPATH\View\View.php(229): CodeIgniter\View\View->CodeIgniter\View\{closure}()
 4 SYSTEMPATH\Common.php(1188): CodeIgniter\View\View->render('categoria/editar', [], true)
 5 APPPATH\Controllers\producto.php(75): view('categoria/editar', [...])
 6 SYSTEMPATH\CodeIgniter.php(919): App\Controllers\producto->editar('3')
 7 SYSTEMPATH\CodeIgniter.php(494): CodeIgniter\CodeIgniter->runController(Object(App\Controllers\producto))
 8 SYSTEMPATH\CodeIgniter.php(353): CodeIgniter\CodeIgniter->handleRequest(null, Object(Config\Cache), false)
 9 FCPATH\index.php(79): CodeIgniter\CodeIgniter->run()
10 SYSTEMPATH\Commands\Server\rewrite.php(47): require_once('C:\\xampp\\htdocs\\abejita\\public\\index.php')
CRITICAL - 2023-11-17 03:53:23 --> Undefined variable $categoria
in APPPATH\Views\categoria\editar.php on line 46.
 1 APPPATH\Views\categoria\editar.php(46): CodeIgniter\Debug\Exceptions->errorHandler(2, 'Undefined variable $categoria', 'C:\\xampp\\htdocs\\abejita\\app\\Views\\categoria\\editar.php', 46)
 2 SYSTEMPATH\View\View.php(226): include('C:\\xampp\\htdocs\\abejita\\app\\Views\\categoria\\editar.php')
 3 SYSTEMPATH\View\View.php(229): CodeIgniter\View\View->CodeIgniter\View\{closure}()
 4 SYSTEMPATH\Common.php(1188): CodeIgniter\View\View->render('categoria/editar', [], true)
 5 APPPATH\Controllers\producto.php(75): view('categoria/editar', [...])
 6 SYSTEMPATH\CodeIgniter.php(919): App\Controllers\producto->editar('3')
 7 SYSTEMPATH\CodeIgniter.php(494): CodeIgniter\CodeIgniter->runController(Object(App\Controllers\producto))
 8 SYSTEMPATH\CodeIgniter.php(353): CodeIgniter\CodeIgniter->handleRequest(null, Object(Config\Cache), false)
 9 FCPATH\index.php(79): CodeIgniter\CodeIgniter->run()
10 SYSTEMPATH\Commands\Server\rewrite.php(47): require_once('C:\\xampp\\htdocs\\abejita\\public\\index.php')
CRITICAL - 2023-11-17 03:53:40 --> Undefined variable $categoria
in APPPATH\Views\categoria\editar.php on line 46.
 1 APPPATH\Views\categoria\editar.php(46): CodeIgniter\Debug\Exceptions->errorHandler(2, 'Undefined variable $categoria', 'C:\\xampp\\htdocs\\abejita\\app\\Views\\categoria\\editar.php', 46)
 2 SYSTEMPATH\View\View.php(226): include('C:\\xampp\\htdocs\\abejita\\app\\Views\\categoria\\editar.php')
 3 SYSTEMPATH\View\View.php(229): CodeIgniter\View\View->CodeIgniter\View\{closure}()
 4 SYSTEMPATH\Common.php(1188): CodeIgniter\View\View->render('categoria/editar', [], true)
 5 APPPATH\Controllers\producto.php(75): view('categoria/editar', [...])
 6 SYSTEMPATH\CodeIgniter.php(919): App\Controllers\producto->editar('3')
 7 SYSTEMPATH\CodeIgniter.php(494): CodeIgniter\CodeIgniter->runController(Object(App\Controllers\producto))
 8 SYSTEMPATH\CodeIgniter.php(353): CodeIgniter\CodeIgniter->handleRequest(null, Object(Config\Cache), false)
 9 FCPATH\index.php(79): CodeIgniter\CodeIgniter->run()
10 SYSTEMPATH\Commands\Server\rewrite.php(47): require_once('C:\\xampp\\htdocs\\abejita\\public\\index.php')
CRITICAL - 2023-11-17 03:53:45 --> Undefined variable $categoria
in APPPATH\Views\categoria\editar.php on line 46.
 1 APPPATH\Views\categoria\editar.php(46): CodeIgniter\Debug\Exceptions->errorHandler(2, 'Undefined variable $categoria', 'C:\\xampp\\htdocs\\abejita\\app\\Views\\categoria\\editar.php', 46)
 2 SYSTEMPATH\View\View.php(226): include('C:\\xampp\\htdocs\\abejita\\app\\Views\\categoria\\editar.php')
 3 SYSTEMPATH\View\View.php(229): CodeIgniter\View\View->CodeIgniter\View\{closure}()
 4 SYSTEMPATH\Common.php(1188): CodeIgniter\View\View->render('categoria/editar', [], true)
 5 APPPATH\Controllers\producto.php(75): view('categoria/editar', [...])
 6 SYSTEMPATH\CodeIgniter.php(919): App\Controllers\producto->editar('3')
 7 SYSTEMPATH\CodeIgniter.php(494): CodeIgniter\CodeIgniter->runController(Object(App\Controllers\producto))
 8 SYSTEMPATH\CodeIgniter.php(353): CodeIgniter\CodeIgniter->handleRequest(null, Object(Config\Cache), false)
 9 FCPATH\index.php(79): CodeIgniter\CodeIgniter->run()
10 SYSTEMPATH\Commands\Server\rewrite.php(47): require_once('C:\\xampp\\htdocs\\abejita\\public\\index.php')
CRITICAL - 2023-11-17 04:04:10 --> Undefined variable $categoria
in APPPATH\Views\categoria\editar.php on line 46.
 1 APPPATH\Views\categoria\editar.php(46): CodeIgniter\Debug\Exceptions->errorHandler(2, 'Undefined variable $categoria', 'C:\\xampp\\htdocs\\abejita\\app\\Views\\categoria\\editar.php', 46)
 2 SYSTEMPATH\View\View.php(226): include('C:\\xampp\\htdocs\\abejita\\app\\Views\\categoria\\editar.php')
 3 SYSTEMPATH\View\View.php(229): CodeIgniter\View\View->CodeIgniter\View\{closure}()
 4 SYSTEMPATH\Common.php(1188): CodeIgniter\View\View->render('categoria/editar', [], true)
 5 APPPATH\Controllers\producto.php(75): view('categoria/editar', [...])
 6 SYSTEMPATH\CodeIgniter.php(919): App\Controllers\producto->editar('3')
 7 SYSTEMPATH\CodeIgniter.php(494): CodeIgniter\CodeIgniter->runController(Object(App\Controllers\producto))
 8 SYSTEMPATH\CodeIgniter.php(353): CodeIgniter\CodeIgniter->handleRequest(null, Object(Config\Cache), false)
 9 FCPATH\index.php(79): CodeIgniter\CodeIgniter->run()
10 SYSTEMPATH\Commands\Server\rewrite.php(47): require_once('C:\\xampp\\htdocs\\abejita\\public\\index.php')
CRITICAL - 2023-11-17 04:05:53 --> Undefined variable $categoria
in APPPATH\Views\categoria\editar.php on line 46.
 1 APPPATH\Views\categoria\editar.php(46): CodeIgniter\Debug\Exceptions->errorHandler(2, 'Undefined variable $categoria', 'C:\\xampp\\htdocs\\abejita\\app\\Views\\categoria\\editar.php', 46)
 2 SYSTEMPATH\View\View.php(226): include('C:\\xampp\\htdocs\\abejita\\app\\Views\\categoria\\editar.php')
 3 SYSTEMPATH\View\View.php(229): CodeIgniter\View\View->CodeIgniter\View\{closure}()
 4 SYSTEMPATH\Common.php(1188): CodeIgniter\View\View->render('categoria/editar', [], true)
 5 APPPATH\Controllers\producto.php(75): view('categoria/editar', [...])
 6 SYSTEMPATH\CodeIgniter.php(919): App\Controllers\producto->editar('3')
 7 SYSTEMPATH\CodeIgniter.php(494): CodeIgniter\CodeIgniter->runController(Object(App\Controllers\producto))
 8 SYSTEMPATH\CodeIgniter.php(353): CodeIgniter\CodeIgniter->handleRequest(null, Object(Config\Cache), false)
 9 FCPATH\index.php(79): CodeIgniter\CodeIgniter->run()
10 SYSTEMPATH\Commands\Server\rewrite.php(47): require_once('C:\\xampp\\htdocs\\abejita\\public\\index.php')
CRITICAL - 2023-11-17 04:06:31 --> Undefined variable $categoria
in APPPATH\Views\categoria\editar.php on line 46.
 1 APPPATH\Views\categoria\editar.php(46): CodeIgniter\Debug\Exceptions->errorHandler(2, 'Undefined variable $categoria', 'C:\\xampp\\htdocs\\abejita\\app\\Views\\categoria\\editar.php', 46)
 2 SYSTEMPATH\View\View.php(226): include('C:\\xampp\\htdocs\\abejita\\app\\Views\\categoria\\editar.php')
 3 SYSTEMPATH\View\View.php(229): CodeIgniter\View\View->CodeIgniter\View\{closure}()
 4 SYSTEMPATH\Common.php(1188): CodeIgniter\View\View->render('categoria/editar', [], true)
 5 APPPATH\Controllers\producto.php(75): view('categoria/editar', [...])
 6 SYSTEMPATH\CodeIgniter.php(919): App\Controllers\producto->editar('3')
 7 SYSTEMPATH\CodeIgniter.php(494): CodeIgniter\CodeIgniter->runController(Object(App\Controllers\producto))
 8 SYSTEMPATH\CodeIgniter.php(353): CodeIgniter\CodeIgniter->handleRequest(null, Object(Config\Cache), false)
 9 FCPATH\index.php(79): CodeIgniter\CodeIgniter->run()
10 SYSTEMPATH\Commands\Server\rewrite.php(47): require_once('C:\\xampp\\htdocs\\abejita\\public\\index.php')
CRITICAL - 2023-11-17 04:06:32 --> Undefined variable $categoria
in APPPATH\Views\categoria\editar.php on line 46.
 1 APPPATH\Views\categoria\editar.php(46): CodeIgniter\Debug\Exceptions->errorHandler(2, 'Undefined variable $categoria', 'C:\\xampp\\htdocs\\abejita\\app\\Views\\categoria\\editar.php', 46)
 2 SYSTEMPATH\View\View.php(226): include('C:\\xampp\\htdocs\\abejita\\app\\Views\\categoria\\editar.php')
 3 SYSTEMPATH\View\View.php(229): CodeIgniter\View\View->CodeIgniter\View\{closure}()
 4 SYSTEMPATH\Common.php(1188): CodeIgniter\View\View->render('categoria/editar', [], true)
 5 APPPATH\Controllers\producto.php(75): view('categoria/editar', [...])
 6 SYSTEMPATH\CodeIgniter.php(919): App\Controllers\producto->editar('3')
 7 SYSTEMPATH\CodeIgniter.php(494): CodeIgniter\CodeIgniter->runController(Object(App\Controllers\producto))
 8 SYSTEMPATH\CodeIgniter.php(353): CodeIgniter\CodeIgniter->handleRequest(null, Object(Config\Cache), false)
 9 FCPATH\index.php(79): CodeIgniter\CodeIgniter->run()
10 SYSTEMPATH\Commands\Server\rewrite.php(47): require_once('C:\\xampp\\htdocs\\abejita\\public\\index.php')
CRITICAL - 2023-11-17 04:06:36 --> Undefined variable $categoria
in APPPATH\Views\categoria\editar.php on line 46.
 1 APPPATH\Views\categoria\editar.php(46): CodeIgniter\Debug\Exceptions->errorHandler(2, 'Undefined variable $categoria', 'C:\\xampp\\htdocs\\abejita\\app\\Views\\categoria\\editar.php', 46)
 2 SYSTEMPATH\View\View.php(226): include('C:\\xampp\\htdocs\\abejita\\app\\Views\\categoria\\editar.php')
 3 SYSTEMPATH\View\View.php(229): CodeIgniter\View\View->CodeIgniter\View\{closure}()
 4 SYSTEMPATH\Common.php(1188): CodeIgniter\View\View->render('categoria/editar', [], true)
 5 APPPATH\Controllers\producto.php(75): view('categoria/editar', [...])
 6 SYSTEMPATH\CodeIgniter.php(919): App\Controllers\producto->editar('3')
 7 SYSTEMPATH\CodeIgniter.php(494): CodeIgniter\CodeIgniter->runController(Object(App\Controllers\producto))
 8 SYSTEMPATH\CodeIgniter.php(353): CodeIgniter\CodeIgniter->handleRequest(null, Object(Config\Cache), false)
 9 FCPATH\index.php(79): CodeIgniter\CodeIgniter->run()
10 SYSTEMPATH\Commands\Server\rewrite.php(47): require_once('C:\\xampp\\htdocs\\abejita\\public\\index.php')
CRITICAL - 2023-11-17 04:06:46 --> Undefined variable $categoria
in APPPATH\Views\categoria\editar.php on line 46.
 1 APPPATH\Views\categoria\editar.php(46): CodeIgniter\Debug\Exceptions->errorHandler(2, 'Undefined variable $categoria', 'C:\\xampp\\htdocs\\abejita\\app\\Views\\categoria\\editar.php', 46)
 2 SYSTEMPATH\View\View.php(226): include('C:\\xampp\\htdocs\\abejita\\app\\Views\\categoria\\editar.php')
 3 SYSTEMPATH\View\View.php(229): CodeIgniter\View\View->CodeIgniter\View\{closure}()
 4 SYSTEMPATH\Common.php(1188): CodeIgniter\View\View->render('categoria/editar', [], true)
 5 APPPATH\Controllers\producto.php(75): view('categoria/editar', [...])
 6 SYSTEMPATH\CodeIgniter.php(919): App\Controllers\producto->editar('3')
 7 SYSTEMPATH\CodeIgniter.php(494): CodeIgniter\CodeIgniter->runController(Object(App\Controllers\producto))
 8 SYSTEMPATH\CodeIgniter.php(353): CodeIgniter\CodeIgniter->handleRequest(null, Object(Config\Cache), false)
 9 FCPATH\index.php(79): CodeIgniter\CodeIgniter->run()
10 SYSTEMPATH\Commands\Server\rewrite.php(47): require_once('C:\\xampp\\htdocs\\abejita\\public\\index.php')
CRITICAL - 2023-11-17 04:06:47 --> Undefined variable $categoria
in APPPATH\Views\categoria\editar.php on line 46.
 1 APPPATH\Views\categoria\editar.php(46): CodeIgniter\Debug\Exceptions->errorHandler(2, 'Undefined variable $categoria', 'C:\\xampp\\htdocs\\abejita\\app\\Views\\categoria\\editar.php', 46)
 2 SYSTEMPATH\View\View.php(226): include('C:\\xampp\\htdocs\\abejita\\app\\Views\\categoria\\editar.php')
 3 SYSTEMPATH\View\View.php(229): CodeIgniter\View\View->CodeIgniter\View\{closure}()
 4 SYSTEMPATH\Common.php(1188): CodeIgniter\View\View->render('categoria/editar', [], true)
 5 APPPATH\Controllers\producto.php(75): view('categoria/editar', [...])
 6 SYSTEMPATH\CodeIgniter.php(919): App\Controllers\producto->editar('3')
 7 SYSTEMPATH\CodeIgniter.php(494): CodeIgniter\CodeIgniter->runController(Object(App\Controllers\producto))
 8 SYSTEMPATH\CodeIgniter.php(353): CodeIgniter\CodeIgniter->handleRequest(null, Object(Config\Cache), false)
 9 FCPATH\index.php(79): CodeIgniter\CodeIgniter->run()
10 SYSTEMPATH\Commands\Server\rewrite.php(47): require_once('C:\\xampp\\htdocs\\abejita\\public\\index.php')
CRITICAL - 2023-11-17 04:07:41 --> Undefined variable $categoria
in APPPATH\Views\categoria\editar.php on line 47.
 1 APPPATH\Views\categoria\editar.php(47): CodeIgniter\Debug\Exceptions->errorHandler(2, 'Undefined variable $categoria', 'C:\\xampp\\htdocs\\abejita\\app\\Views\\categoria\\editar.php', 47)
 2 SYSTEMPATH\View\View.php(226): include('C:\\xampp\\htdocs\\abejita\\app\\Views\\categoria\\editar.php')
 3 SYSTEMPATH\View\View.php(229): CodeIgniter\View\View->CodeIgniter\View\{closure}()
 4 SYSTEMPATH\Common.php(1188): CodeIgniter\View\View->render('categoria/editar', [], true)
 5 APPPATH\Controllers\producto.php(75): view('categoria/editar', [...])
 6 SYSTEMPATH\CodeIgniter.php(919): App\Controllers\producto->editar('3')
 7 SYSTEMPATH\CodeIgniter.php(494): CodeIgniter\CodeIgniter->runController(Object(App\Controllers\producto))
 8 SYSTEMPATH\CodeIgniter.php(353): CodeIgniter\CodeIgniter->handleRequest(null, Object(Config\Cache), false)
 9 FCPATH\index.php(79): CodeIgniter\CodeIgniter->run()
10 SYSTEMPATH\Commands\Server\rewrite.php(47): require_once('C:\\xampp\\htdocs\\abejita\\public\\index.php')
CRITICAL - 2023-11-17 04:08:55 --> Undefined variable $categoria
in APPPATH\Views\categoria\editar.php on line 46.
 1 APPPATH\Views\categoria\editar.php(46): CodeIgniter\Debug\Exceptions->errorHandler(2, 'Undefined variable $categoria', 'C:\\xampp\\htdocs\\abejita\\app\\Views\\categoria\\editar.php', 46)
 2 SYSTEMPATH\View\View.php(226): include('C:\\xampp\\htdocs\\abejita\\app\\Views\\categoria\\editar.php')
 3 SYSTEMPATH\View\View.php(229): CodeIgniter\View\View->CodeIgniter\View\{closure}()
 4 SYSTEMPATH\Common.php(1188): CodeIgniter\View\View->render('categoria/editar', [], true)
 5 APPPATH\Controllers\producto.php(75): view('categoria/editar', [...])
 6 SYSTEMPATH\CodeIgniter.php(919): App\Controllers\producto->editar('3')
 7 SYSTEMPATH\CodeIgniter.php(494): CodeIgniter\CodeIgniter->runController(Object(App\Controllers\producto))
 8 SYSTEMPATH\CodeIgniter.php(353): CodeIgniter\CodeIgniter->handleRequest(null, Object(Config\Cache), false)
 9 FCPATH\index.php(79): CodeIgniter\CodeIgniter->run()
10 SYSTEMPATH\Commands\Server\rewrite.php(47): require_once('C:\\xampp\\htdocs\\abejita\\public\\index.php')
CRITICAL - 2023-11-17 04:08:59 --> Undefined variable $categoria
in APPPATH\Views\categoria\editar.php on line 46.
 1 APPPATH\Views\categoria\editar.php(46): CodeIgniter\Debug\Exceptions->errorHandler(2, 'Undefined variable $categoria', 'C:\\xampp\\htdocs\\abejita\\app\\Views\\categoria\\editar.php', 46)
 2 SYSTEMPATH\View\View.php(226): include('C:\\xampp\\htdocs\\abejita\\app\\Views\\categoria\\editar.php')
 3 SYSTEMPATH\View\View.php(229): CodeIgniter\View\View->CodeIgniter\View\{closure}()
 4 SYSTEMPATH\Common.php(1188): CodeIgniter\View\View->render('categoria/editar', [], true)
 5 APPPATH\Controllers\producto.php(75): view('categoria/editar', [...])
 6 SYSTEMPATH\CodeIgniter.php(919): App\Controllers\producto->editar('3')
 7 SYSTEMPATH\CodeIgniter.php(494): CodeIgniter\CodeIgniter->runController(Object(App\Controllers\producto))
 8 SYSTEMPATH\CodeIgniter.php(353): CodeIgniter\CodeIgniter->handleRequest(null, Object(Config\Cache), false)
 9 FCPATH\index.php(79): CodeIgniter\CodeIgniter->run()
10 SYSTEMPATH\Commands\Server\rewrite.php(47): require_once('C:\\xampp\\htdocs\\abejita\\public\\index.php')
CRITICAL - 2023-11-17 04:09:02 --> Undefined variable $categorias
in APPPATH\Views\categoria\consultar.php on line 92.
 1 APPPATH\Views\categoria\consultar.php(92): CodeIgniter\Debug\Exceptions->errorHandler(2, 'Undefined variable $categorias', 'C:\\xampp\\htdocs\\abejita\\app\\Views\\categoria\\consultar.php', 92)
 2 SYSTEMPATH\View\View.php(226): include('C:\\xampp\\htdocs\\abejita\\app\\Views\\categoria\\consultar.php')
 3 SYSTEMPATH\View\View.php(229): CodeIgniter\View\View->CodeIgniter\View\{closure}()
 4 SYSTEMPATH\Common.php(1188): CodeIgniter\View\View->render('categoria/consultar', [], true)
 5 APPPATH\Controllers\categoria.php(19): view('categoria/consultar', [...])
 6 SYSTEMPATH\CodeIgniter.php(919): App\Controllers\categoria->consultar()
 7 SYSTEMPATH\CodeIgniter.php(494): CodeIgniter\CodeIgniter->runController(Object(App\Controllers\categoria))
 8 SYSTEMPATH\CodeIgniter.php(353): CodeIgniter\CodeIgniter->handleRequest(null, Object(Config\Cache), false)
 9 FCPATH\index.php(79): CodeIgniter\CodeIgniter->run()
10 SYSTEMPATH\Commands\Server\rewrite.php(47): require_once('C:\\xampp\\htdocs\\abejita\\public\\index.php')
CRITICAL - 2023-11-17 04:13:41 --> Undefined variable $categoria
in APPPATH\Views\categoria\editar.php on line 46.
 1 APPPATH\Views\categoria\editar.php(46): CodeIgniter\Debug\Exceptions->errorHandler(2, 'Undefined variable $categoria', 'C:\\xampp\\htdocs\\abejita\\app\\Views\\categoria\\editar.php', 46)
 2 SYSTEMPATH\View\View.php(226): include('C:\\xampp\\htdocs\\abejita\\app\\Views\\categoria\\editar.php')
 3 SYSTEMPATH\View\View.php(229): CodeIgniter\View\View->CodeIgniter\View\{closure}()
 4 SYSTEMPATH\Common.php(1188): CodeIgniter\View\View->render('categoria/editar', [], true)
 5 APPPATH\Controllers\producto.php(75): view('categoria/editar', [...])
 6 SYSTEMPATH\CodeIgniter.php(919): App\Controllers\producto->editar('3')
 7 SYSTEMPATH\CodeIgniter.php(494): CodeIgniter\CodeIgniter->runController(Object(App\Controllers\producto))
 8 SYSTEMPATH\CodeIgniter.php(353): CodeIgniter\CodeIgniter->handleRequest(null, Object(Config\Cache), false)
 9 FCPATH\index.php(79): CodeIgniter\CodeIgniter->run()
10 SYSTEMPATH\Commands\Server\rewrite.php(47): require_once('C:\\xampp\\htdocs\\abejita\\public\\index.php')
CRITICAL - 2023-11-17 04:15:30 --> Undefined variable $categoria
in APPPATH\Views\categoria\editar.php on line 46.
 1 APPPATH\Views\categoria\editar.php(46): CodeIgniter\Debug\Exceptions->errorHandler(2, 'Undefined variable $categoria', 'C:\\xampp\\htdocs\\abejita\\app\\Views\\categoria\\editar.php', 46)
 2 SYSTEMPATH\View\View.php(226): include('C:\\xampp\\htdocs\\abejita\\app\\Views\\categoria\\editar.php')
 3 SYSTEMPATH\View\View.php(229): CodeIgniter\View\View->CodeIgniter\View\{closure}()
 4 SYSTEMPATH\Common.php(1188): CodeIgniter\View\View->render('categoria/editar', [], true)
 5 APPPATH\Controllers\producto.php(75): view('categoria/editar', [...])
 6 SYSTEMPATH\CodeIgniter.php(919): App\Controllers\producto->editar('2')
 7 SYSTEMPATH\CodeIgniter.php(494): CodeIgniter\CodeIgniter->runController(Object(App\Controllers\producto))
 8 SYSTEMPATH\CodeIgniter.php(353): CodeIgniter\CodeIgniter->handleRequest(null, Object(Config\Cache), false)
 9 FCPATH\index.php(79): CodeIgniter\CodeIgniter->run()
10 SYSTEMPATH\Commands\Server\rewrite.php(47): require_once('C:\\xampp\\htdocs\\abejita\\public\\index.php')
CRITICAL - 2023-11-17 04:21:14 --> Undefined variable $categoria
in APPPATH\Views\categoria\editar.php on line 46.
 1 APPPATH\Views\categoria\editar.php(46): CodeIgniter\Debug\Exceptions->errorHandler(2, 'Undefined variable $categoria', 'C:\\xampp\\htdocs\\abejita\\app\\Views\\categoria\\editar.php', 46)
 2 SYSTEMPATH\View\View.php(226): include('C:\\xampp\\htdocs\\abejita\\app\\Views\\categoria\\editar.php')
 3 SYSTEMPATH\View\View.php(229): CodeIgniter\View\View->CodeIgniter\View\{closure}()
 4 SYSTEMPATH\Common.php(1188): CodeIgniter\View\View->render('categoria/editar', [], true)
 5 APPPATH\Controllers\producto.php(75): view('categoria/editar', [...])
 6 SYSTEMPATH\CodeIgniter.php(919): App\Controllers\producto->editar('5')
 7 SYSTEMPATH\CodeIgniter.php(494): CodeIgniter\CodeIgniter->runController(Object(App\Controllers\producto))
 8 SYSTEMPATH\CodeIgniter.php(353): CodeIgniter\CodeIgniter->handleRequest(null, Object(Config\Cache), false)
 9 FCPATH\index.php(79): CodeIgniter\CodeIgniter->run()
10 SYSTEMPATH\Commands\Server\rewrite.php(47): require_once('C:\\xampp\\htdocs\\abejita\\public\\index.php')
CRITICAL - 2023-11-17 04:36:11 --> Undefined variable $categoria
in APPPATH\Views\categoria\editar.php on line 46.
 1 APPPATH\Views\categoria\editar.php(46): CodeIgniter\Debug\Exceptions->errorHandler(2, 'Undefined variable $categoria', 'C:\\xampp\\htdocs\\abejita\\app\\Views\\categoria\\editar.php', 46)
 2 SYSTEMPATH\View\View.php(226): include('C:\\xampp\\htdocs\\abejita\\app\\Views\\categoria\\editar.php')
 3 SYSTEMPATH\View\View.php(229): CodeIgniter\View\View->CodeIgniter\View\{closure}()
 4 SYSTEMPATH\Common.php(1188): CodeIgniter\View\View->render('categoria/editar', [], true)
 5 APPPATH\Controllers\producto.php(75): view('categoria/editar', [...])
 6 SYSTEMPATH\CodeIgniter.php(919): App\Controllers\producto->editar('6')
 7 SYSTEMPATH\CodeIgniter.php(494): CodeIgniter\CodeIgniter->runController(Object(App\Controllers\producto))
 8 SYSTEMPATH\CodeIgniter.php(353): CodeIgniter\CodeIgniter->handleRequest(null, Object(Config\Cache), false)
 9 FCPATH\index.php(79): CodeIgniter\CodeIgniter->run()
10 SYSTEMPATH\Commands\Server\rewrite.php(47): require_once('C:\\xampp\\htdocs\\abejita\\public\\index.php')
CRITICAL - 2023-11-17 04:44:23 --> Undefined variable $categoria
in APPPATH\Views\categoria\editar.php on line 46.
 1 APPPATH\Views\categoria\editar.php(46): CodeIgniter\Debug\Exceptions->errorHandler(2, 'Undefined variable $categoria', 'C:\\xampp\\htdocs\\abejita\\app\\Views\\categoria\\editar.php', 46)
 2 SYSTEMPATH\View\View.php(226): include('C:\\xampp\\htdocs\\abejita\\app\\Views\\categoria\\editar.php')
 3 SYSTEMPATH\View\View.php(229): CodeIgniter\View\View->CodeIgniter\View\{closure}()
 4 SYSTEMPATH\Common.php(1188): CodeIgniter\View\View->render('categoria/editar', [], true)
 5 APPPATH\Controllers\producto.php(75): view('categoria/editar', [...])
 6 SYSTEMPATH\CodeIgniter.php(919): App\Controllers\producto->editar('2')
 7 SYSTEMPATH\CodeIgniter.php(494): CodeIgniter\CodeIgniter->runController(Object(App\Controllers\producto))
 8 SYSTEMPATH\CodeIgniter.php(353): CodeIgniter\CodeIgniter->handleRequest(null, Object(Config\Cache), false)
 9 FCPATH\index.php(79): CodeIgniter\CodeIgniter->run()
10 SYSTEMPATH\Commands\Server\rewrite.php(47): require_once('C:\\xampp\\htdocs\\abejita\\public\\index.php')
CRITICAL - 2023-11-17 04:44:30 --> syntax error, unexpected token "=", expecting "]"
in APPPATH\Controllers\categoria.php on line 34.
 1 SYSTEMPATH\Autoloader\Autoloader.php(285): CodeIgniter\Autoloader\Autoloader->includeFile('C:\\xampp\\htdocs\\abejita\\app\\Controllers\\Categoria.php')
 2 SYSTEMPATH\Autoloader\Autoloader.php(263): CodeIgniter\Autoloader\Autoloader->loadInNamespace('App\\Controllers\\Categoria')
 3 [internal function]: CodeIgniter\Autoloader\Autoloader->loadClass('App\\Controllers\\Categoria')
 4 SYSTEMPATH\CodeIgniter.php(877): class_exists('\\App\\Controllers\\Categoria', true)
 5 SYSTEMPATH\CodeIgniter.php(481): CodeIgniter\CodeIgniter->startController()
 6 SYSTEMPATH\CodeIgniter.php(353): CodeIgniter\CodeIgniter->handleRequest(null, Object(Config\Cache), false)
 7 FCPATH\index.php(79): CodeIgniter\CodeIgniter->run()
 8 SYSTEMPATH\Commands\Server\rewrite.php(47): require_once('C:\\xampp\\htdocs\\abejita\\public\\index.php')
CRITICAL - 2023-11-17 04:45:24 --> Undefined variable $categoria
in APPPATH\Views\categoria\editar.php on line 46.
 1 APPPATH\Views\categoria\editar.php(46): CodeIgniter\Debug\Exceptions->errorHandler(2, 'Undefined variable $categoria', 'C:\\xampp\\htdocs\\abejita\\app\\Views\\categoria\\editar.php', 46)
 2 SYSTEMPATH\View\View.php(226): include('C:\\xampp\\htdocs\\abejita\\app\\Views\\categoria\\editar.php')
 3 SYSTEMPATH\View\View.php(229): CodeIgniter\View\View->CodeIgniter\View\{closure}()
 4 SYSTEMPATH\Common.php(1188): CodeIgniter\View\View->render('categoria/editar', [], true)
 5 APPPATH\Controllers\producto.php(75): view('categoria/editar', [...])
 6 SYSTEMPATH\CodeIgniter.php(919): App\Controllers\producto->editar('6')
 7 SYSTEMPATH\CodeIgniter.php(494): CodeIgniter\CodeIgniter->runController(Object(App\Controllers\producto))
 8 SYSTEMPATH\CodeIgniter.php(353): CodeIgniter\CodeIgniter->handleRequest(null, Object(Config\Cache), false)
 9 FCPATH\index.php(79): CodeIgniter\CodeIgniter->run()
10 SYSTEMPATH\Commands\Server\rewrite.php(47): require_once('C:\\xampp\\htdocs\\abejita\\public\\index.php')
CRITICAL - 2023-11-17 04:46:02 --> Undefined variable $categoria
in APPPATH\Views\categoria\editar.php on line 46.
 1 APPPATH\Views\categoria\editar.php(46): CodeIgniter\Debug\Exceptions->errorHandler(2, 'Undefined variable $categoria', 'C:\\xampp\\htdocs\\abejita\\app\\Views\\categoria\\editar.php', 46)
 2 SYSTEMPATH\View\View.php(226): include('C:\\xampp\\htdocs\\abejita\\app\\Views\\categoria\\editar.php')
 3 SYSTEMPATH\View\View.php(229): CodeIgniter\View\View->CodeIgniter\View\{closure}()
 4 SYSTEMPATH\Common.php(1188): CodeIgniter\View\View->render('categoria/editar', [], true)
 5 APPPATH\Controllers\producto.php(75): view('categoria/editar', [...])
 6 SYSTEMPATH\CodeIgniter.php(919): App\Controllers\producto->editar('2')
 7 SYSTEMPATH\CodeIgniter.php(494): CodeIgniter\CodeIgniter->runController(Object(App\Controllers\producto))
 8 SYSTEMPATH\CodeIgniter.php(353): CodeIgniter\CodeIgniter->handleRequest(null, Object(Config\Cache), false)
 9 FCPATH\index.php(79): CodeIgniter\CodeIgniter->run()
10 SYSTEMPATH\Commands\Server\rewrite.php(47): require_once('C:\\xampp\\htdocs\\abejita\\public\\index.php')
CRITICAL - 2023-11-17 05:24:51 --> Undefined variable $categoria
in APPPATH\Views\categoria\editar.php on line 46.
 1 APPPATH\Views\categoria\editar.php(46): CodeIgniter\Debug\Exceptions->errorHandler(2, 'Undefined variable $categoria', 'C:\\xampp\\htdocs\\abejita\\app\\Views\\categoria\\editar.php', 46)
 2 SYSTEMPATH\View\View.php(226): include('C:\\xampp\\htdocs\\abejita\\app\\Views\\categoria\\editar.php')
 3 SYSTEMPATH\View\View.php(229): CodeIgniter\View\View->CodeIgniter\View\{closure}()
 4 SYSTEMPATH\Common.php(1188): CodeIgniter\View\View->render('categoria/editar', [], true)
 5 APPPATH\Controllers\producto.php(71): view('categoria/editar', [...])
 6 SYSTEMPATH\CodeIgniter.php(919): App\Controllers\producto->editar('2')
 7 SYSTEMPATH\CodeIgniter.php(494): CodeIgniter\CodeIgniter->runController(Object(App\Controllers\producto))
 8 SYSTEMPATH\CodeIgniter.php(353): CodeIgniter\CodeIgniter->handleRequest(null, Object(Config\Cache), false)
 9 FCPATH\index.php(79): CodeIgniter\CodeIgniter->run()
10 SYSTEMPATH\Commands\Server\rewrite.php(47): require_once('C:\\xampp\\htdocs\\abejita\\public\\index.php')
CRITICAL - 2023-11-17 05:26:01 --> Undefined variable $categoria
in APPPATH\Views\categoria\editar.php on line 46.
 1 APPPATH\Views\categoria\editar.php(46): CodeIgniter\Debug\Exceptions->errorHandler(2, 'Undefined variable $categoria', 'C:\\xampp\\htdocs\\abejita\\app\\Views\\categoria\\editar.php', 46)
 2 SYSTEMPATH\View\View.php(226): include('C:\\xampp\\htdocs\\abejita\\app\\Views\\categoria\\editar.php')
 3 SYSTEMPATH\View\View.php(229): CodeIgniter\View\View->CodeIgniter\View\{closure}()
 4 SYSTEMPATH\Common.php(1188): CodeIgniter\View\View->render('categoria/editar', [], true)
 5 APPPATH\Controllers\producto.php(71): view('categoria/editar', [...])
 6 SYSTEMPATH\CodeIgniter.php(919): App\Controllers\producto->editar('6')
 7 SYSTEMPATH\CodeIgniter.php(494): CodeIgniter\CodeIgniter->runController(Object(App\Controllers\producto))
 8 SYSTEMPATH\CodeIgniter.php(353): CodeIgniter\CodeIgniter->handleRequest(null, Object(Config\Cache), false)
 9 FCPATH\index.php(79): CodeIgniter\CodeIgniter->run()
10 SYSTEMPATH\Commands\Server\rewrite.php(47): require_once('C:\\xampp\\htdocs\\abejita\\public\\index.php')
CRITICAL - 2023-11-17 05:26:37 --> Undefined variable $categoria
in APPPATH\Views\categoria\editar.php on line 46.
 1 APPPATH\Views\categoria\editar.php(46): CodeIgniter\Debug\Exceptions->errorHandler(2, 'Undefined variable $categoria', 'C:\\xampp\\htdocs\\abejita\\app\\Views\\categoria\\editar.php', 46)
 2 SYSTEMPATH\View\View.php(226): include('C:\\xampp\\htdocs\\abejita\\app\\Views\\categoria\\editar.php')
 3 SYSTEMPATH\View\View.php(229): CodeIgniter\View\View->CodeIgniter\View\{closure}()
 4 SYSTEMPATH\Common.php(1188): CodeIgniter\View\View->render('categoria/editar', [], true)
 5 APPPATH\Controllers\producto.php(71): view('categoria/editar', [...])
 6 SYSTEMPATH\CodeIgniter.php(919): App\Controllers\producto->editar('6')
 7 SYSTEMPATH\CodeIgniter.php(494): CodeIgniter\CodeIgniter->runController(Object(App\Controllers\producto))
 8 SYSTEMPATH\CodeIgniter.php(353): CodeIgniter\CodeIgniter->handleRequest(null, Object(Config\Cache), false)
 9 FCPATH\index.php(79): CodeIgniter\CodeIgniter->run()
10 SYSTEMPATH\Commands\Server\rewrite.php(47): require_once('C:\\xampp\\htdocs\\abejita\\public\\index.php')
CRITICAL - 2023-11-17 05:26:40 --> Undefined variable $categoria
in APPPATH\Views\categoria\editar.php on line 46.
 1 APPPATH\Views\categoria\editar.php(46): CodeIgniter\Debug\Exceptions->errorHandler(2, 'Undefined variable $categoria', 'C:\\xampp\\htdocs\\abejita\\app\\Views\\categoria\\editar.php', 46)
 2 SYSTEMPATH\View\View.php(226): include('C:\\xampp\\htdocs\\abejita\\app\\Views\\categoria\\editar.php')
 3 SYSTEMPATH\View\View.php(229): CodeIgniter\View\View->CodeIgniter\View\{closure}()
 4 SYSTEMPATH\Common.php(1188): CodeIgniter\View\View->render('categoria/editar', [], true)
 5 APPPATH\Controllers\producto.php(71): view('categoria/editar', [...])
 6 SYSTEMPATH\CodeIgniter.php(919): App\Controllers\producto->editar('6')
 7 SYSTEMPATH\CodeIgniter.php(494): CodeIgniter\CodeIgniter->runController(Object(App\Controllers\producto))
 8 SYSTEMPATH\CodeIgniter.php(353): CodeIgniter\CodeIgniter->handleRequest(null, Object(Config\Cache), false)
 9 FCPATH\index.php(79): CodeIgniter\CodeIgniter->run()
10 SYSTEMPATH\Commands\Server\rewrite.php(47): require_once('C:\\xampp\\htdocs\\abejita\\public\\index.php')
CRITICAL - 2023-11-17 05:28:07 --> Undefined variable $categoria
in APPPATH\Views\categoria\editar.php on line 46.
 1 APPPATH\Views\categoria\editar.php(46): CodeIgniter\Debug\Exceptions->errorHandler(2, 'Undefined variable $categoria', 'C:\\xampp\\htdocs\\abejita\\app\\Views\\categoria\\editar.php', 46)
 2 SYSTEMPATH\View\View.php(226): include('C:\\xampp\\htdocs\\abejita\\app\\Views\\categoria\\editar.php')
 3 SYSTEMPATH\View\View.php(229): CodeIgniter\View\View->CodeIgniter\View\{closure}()
 4 SYSTEMPATH\Common.php(1188): CodeIgniter\View\View->render('categoria/editar', [], true)
 5 APPPATH\Controllers\producto.php(71): view('categoria/editar', [...])
 6 SYSTEMPATH\CodeIgniter.php(919): App\Controllers\producto->editar('6')
 7 SYSTEMPATH\CodeIgniter.php(494): CodeIgniter\CodeIgniter->runController(Object(App\Controllers\producto))
 8 SYSTEMPATH\CodeIgniter.php(353): CodeIgniter\CodeIgniter->handleRequest(null, Object(Config\Cache), false)
 9 FCPATH\index.php(79): CodeIgniter\CodeIgniter->run()
10 SYSTEMPATH\Commands\Server\rewrite.php(47): require_once('C:\\xampp\\htdocs\\abejita\\public\\index.php')
CRITICAL - 2023-11-17 05:29:08 --> Undefined variable $categoriaModel
in APPPATH\Controllers\producto.php on line 67.
 1 APPPATH\Controllers\producto.php(67): CodeIgniter\Debug\Exceptions->errorHandler(2, 'Undefined variable $categoriaModel', 'C:\\xampp\\htdocs\\abejita\\app\\Controllers\\producto.php', 67)
 2 SYSTEMPATH\CodeIgniter.php(919): App\Controllers\producto->editar('6')
 3 SYSTEMPATH\CodeIgniter.php(494): CodeIgniter\CodeIgniter->runController(Object(App\Controllers\producto))
 4 SYSTEMPATH\CodeIgniter.php(353): CodeIgniter\CodeIgniter->handleRequest(null, Object(Config\Cache), false)
 5 FCPATH\index.php(79): CodeIgniter\CodeIgniter->run()
 6 SYSTEMPATH\Commands\Server\rewrite.php(47): require_once('C:\\xampp\\htdocs\\abejita\\public\\index.php')
CRITICAL - 2023-11-17 05:29:31 --> Undefined variable $categoriaModel
in APPPATH\Controllers\producto.php on line 67.
 1 APPPATH\Controllers\producto.php(67): CodeIgniter\Debug\Exceptions->errorHandler(2, 'Undefined variable $categoriaModel', 'C:\\xampp\\htdocs\\abejita\\app\\Controllers\\producto.php', 67)
 2 SYSTEMPATH\CodeIgniter.php(919): App\Controllers\producto->editar('6')
 3 SYSTEMPATH\CodeIgniter.php(494): CodeIgniter\CodeIgniter->runController(Object(App\Controllers\producto))
 4 SYSTEMPATH\CodeIgniter.php(353): CodeIgniter\CodeIgniter->handleRequest(null, Object(Config\Cache), false)
 5 FCPATH\index.php(79): CodeIgniter\CodeIgniter->run()
 6 SYSTEMPATH\Commands\Server\rewrite.php(47): require_once('C:\\xampp\\htdocs\\abejita\\public\\index.php')
CRITICAL - 2023-11-17 05:29:32 --> Undefined variable $categoriaModel
in APPPATH\Controllers\producto.php on line 67.
 1 APPPATH\Controllers\producto.php(67): CodeIgniter\Debug\Exceptions->errorHandler(2, 'Undefined variable $categoriaModel', 'C:\\xampp\\htdocs\\abejita\\app\\Controllers\\producto.php', 67)
 2 SYSTEMPATH\CodeIgniter.php(919): App\Controllers\producto->editar('6')
 3 SYSTEMPATH\CodeIgniter.php(494): CodeIgniter\CodeIgniter->runController(Object(App\Controllers\producto))
 4 SYSTEMPATH\CodeIgniter.php(353): CodeIgniter\CodeIgniter->handleRequest(null, Object(Config\Cache), false)
 5 FCPATH\index.php(79): CodeIgniter\CodeIgniter->run()
 6 SYSTEMPATH\Commands\Server\rewrite.php(47): require_once('C:\\xampp\\htdocs\\abejita\\public\\index.php')
CRITICAL - 2023-11-17 05:29:51 --> Invalid file: "productos/editar.php"
in SYSTEMPATH\Exceptions\FrameworkException.php on line 39.
 1 SYSTEMPATH\View\View.php(214): CodeIgniter\Exceptions\FrameworkException::forInvalidFile('productos/editar.php')
 2 SYSTEMPATH\Common.php(1188): CodeIgniter\View\View->render('productos/editar', [], true)
 3 APPPATH\Controllers\producto.php(71): view('productos/editar', [...])
 4 SYSTEMPATH\CodeIgniter.php(919): App\Controllers\producto->editar('6')
 5 SYSTEMPATH\CodeIgniter.php(494): CodeIgniter\CodeIgniter->runController(Object(App\Controllers\producto))
 6 SYSTEMPATH\CodeIgniter.php(353): CodeIgniter\CodeIgniter->handleRequest(null, Object(Config\Cache), false)
 7 FCPATH\index.php(79): CodeIgniter\CodeIgniter->run()
 8 SYSTEMPATH\Commands\Server\rewrite.php(47): require_once('C:\\xampp\\htdocs\\abejita\\public\\index.php')
CRITICAL - 2023-11-17 05:37:40 --> Undefined variable $categorias
in APPPATH\Views\producto\editar.php on line 32.
 1 APPPATH\Views\producto\editar.php(32): CodeIgniter\Debug\Exceptions->errorHandler(2, 'Undefined variable $categorias', 'C:\\xampp\\htdocs\\abejita\\app\\Views\\producto\\editar.php', 32)
 2 SYSTEMPATH\View\View.php(226): include('C:\\xampp\\htdocs\\abejita\\app\\Views\\producto\\editar.php')
 3 SYSTEMPATH\View\View.php(229): CodeIgniter\View\View->CodeIgniter\View\{closure}()
 4 SYSTEMPATH\Common.php(1188): CodeIgniter\View\View->render('producto/editar', [], true)
 5 APPPATH\Controllers\producto.php(73): view('producto/editar', [...])
 6 SYSTEMPATH\CodeIgniter.php(919): App\Controllers\producto->editar('6')
 7 SYSTEMPATH\CodeIgniter.php(494): CodeIgniter\CodeIgniter->runController(Object(App\Controllers\producto))
 8 SYSTEMPATH\CodeIgniter.php(353): CodeIgniter\CodeIgniter->handleRequest(null, Object(Config\Cache), false)
 9 FCPATH\index.php(79): CodeIgniter\CodeIgniter->run()
10 SYSTEMPATH\Commands\Server\rewrite.php(47): require_once('C:\\xampp\\htdocs\\abejita\\public\\index.php')
CRITICAL - 2023-11-17 05:39:25 --> Undefined array key "imagen_url"
in APPPATH\Controllers\producto.php on line 85.
 1 APPPATH\Controllers\producto.php(85): CodeIgniter\Debug\Exceptions->errorHandler(2, 'Undefined array key "imagen_url"', 'C:\\xampp\\htdocs\\abejita\\app\\Controllers\\producto.php', 85)
 2 SYSTEMPATH\CodeIgniter.php(919): App\Controllers\producto->update()
 3 SYSTEMPATH\CodeIgniter.php(494): CodeIgniter\CodeIgniter->runController(Object(App\Controllers\producto))
 4 SYSTEMPATH\CodeIgniter.php(353): CodeIgniter\CodeIgniter->handleRequest(null, Object(Config\Cache), false)
 5 FCPATH\index.php(79): CodeIgniter\CodeIgniter->run()
 6 SYSTEMPATH\Commands\Server\rewrite.php(47): require_once('C:\\xampp\\htdocs\\abejita\\public\\index.php')
CRITICAL - 2023-11-17 05:39:44 --> Undefined array key "imagen_url"
in APPPATH\Controllers\producto.php on line 85.
 1 APPPATH\Controllers\producto.php(85): CodeIgniter\Debug\Exceptions->errorHandler(2, 'Undefined array key "imagen_url"', 'C:\\xampp\\htdocs\\abejita\\app\\Controllers\\producto.php', 85)
 2 SYSTEMPATH\CodeIgniter.php(919): App\Controllers\producto->update()
 3 SYSTEMPATH\CodeIgniter.php(494): CodeIgniter\CodeIgniter->runController(Object(App\Controllers\producto))
 4 SYSTEMPATH\CodeIgniter.php(353): CodeIgniter\CodeIgniter->handleRequest(null, Object(Config\Cache), false)
 5 FCPATH\index.php(79): CodeIgniter\CodeIgniter->run()
 6 SYSTEMPATH\Commands\Server\rewrite.php(47): require_once('C:\\xampp\\htdocs\\abejita\\public\\index.php')
CRITICAL - 2023-11-17 05:40:32 --> Undefined array key "id"
in APPPATH\Controllers\categoria.php on line 67.
 1 APPPATH\Controllers\categoria.php(67): CodeIgniter\Debug\Exceptions->errorHandler(2, 'Undefined array key "id"', 'C:\\xampp\\htdocs\\abejita\\app\\Controllers\\categoria.php', 67)
 2 SYSTEMPATH\CodeIgniter.php(919): App\Controllers\categoria->update()
 3 SYSTEMPATH\CodeIgniter.php(494): CodeIgniter\CodeIgniter->runController(Object(App\Controllers\categoria))
 4 SYSTEMPATH\CodeIgniter.php(353): CodeIgniter\CodeIgniter->handleRequest(null, Object(Config\Cache), false)
 5 FCPATH\index.php(79): CodeIgniter\CodeIgniter->run()
 6 SYSTEMPATH\Commands\Server\rewrite.php(47): require_once('C:\\xampp\\htdocs\\abejita\\public\\index.php')
CRITICAL - 2023-11-17 05:41:33 --> Undefined array key "id"
in APPPATH\Controllers\categoria.php on line 67.
 1 APPPATH\Controllers\categoria.php(67): CodeIgniter\Debug\Exceptions->errorHandler(2, 'Undefined array key "id"', 'C:\\xampp\\htdocs\\abejita\\app\\Controllers\\categoria.php', 67)
 2 SYSTEMPATH\CodeIgniter.php(919): App\Controllers\categoria->update()
 3 SYSTEMPATH\CodeIgniter.php(494): CodeIgniter\CodeIgniter->runController(Object(App\Controllers\categoria))
 4 SYSTEMPATH\CodeIgniter.php(353): CodeIgniter\CodeIgniter->handleRequest(null, Object(Config\Cache), false)
 5 FCPATH\index.php(79): CodeIgniter\CodeIgniter->run()
 6 SYSTEMPATH\Commands\Server\rewrite.php(47): require_once('C:\\xampp\\htdocs\\abejita\\public\\index.php')
CRITICAL - 2023-11-17 05:42:36 --> Undefined array key "imagen_url"
in APPPATH\Controllers\producto.php on line 85.
 1 APPPATH\Controllers\producto.php(85): CodeIgniter\Debug\Exceptions->errorHandler(2, 'Undefined array key "imagen_url"', 'C:\\xampp\\htdocs\\abejita\\app\\Controllers\\producto.php', 85)
 2 SYSTEMPATH\CodeIgniter.php(919): App\Controllers\producto->update()
 3 SYSTEMPATH\CodeIgniter.php(494): CodeIgniter\CodeIgniter->runController(Object(App\Controllers\producto))
 4 SYSTEMPATH\CodeIgniter.php(353): CodeIgniter\CodeIgniter->handleRequest(null, Object(Config\Cache), false)
 5 FCPATH\index.php(79): CodeIgniter\CodeIgniter->run()
 6 SYSTEMPATH\Commands\Server\rewrite.php(47): require_once('C:\\xampp\\htdocs\\abejita\\public\\index.php')
CRITICAL - 2023-11-17 05:43:29 --> Undefined array key "id"
in APPPATH\Controllers\categoria.php on line 67.
 1 APPPATH\Controllers\categoria.php(67): CodeIgniter\Debug\Exceptions->errorHandler(2, 'Undefined array key "id"', 'C:\\xampp\\htdocs\\abejita\\app\\Controllers\\categoria.php', 67)
 2 SYSTEMPATH\CodeIgniter.php(919): App\Controllers\categoria->update()
 3 SYSTEMPATH\CodeIgniter.php(494): CodeIgniter\CodeIgniter->runController(Object(App\Controllers\categoria))
 4 SYSTEMPATH\CodeIgniter.php(353): CodeIgniter\CodeIgniter->handleRequest(null, Object(Config\Cache), false)
 5 FCPATH\index.php(79): CodeIgniter\CodeIgniter->run()
 6 SYSTEMPATH\Commands\Server\rewrite.php(47): require_once('C:\\xampp\\htdocs\\abejita\\public\\index.php')
CRITICAL - 2023-11-17 06:00:19 --> Cannot use object of type stdClass as array
in APPPATH\Controllers\producto.php on line 98.
 1 SYSTEMPATH\CodeIgniter.php(919): App\Controllers\producto->update()
 2 SYSTEMPATH\CodeIgniter.php(494): CodeIgniter\CodeIgniter->runController(Object(App\Controllers\producto))
 3 SYSTEMPATH\CodeIgniter.php(353): CodeIgniter\CodeIgniter->handleRequest(null, Object(Config\Cache), false)
 4 FCPATH\index.php(79): CodeIgniter\CodeIgniter->run()
 5 SYSTEMPATH\Commands\Server\rewrite.php(47): require_once('C:\\xampp\\htdocs\\abejita\\public\\index.php')
