CRITICAL - 2023-11-10 19:26:08 --> Undefined variable $distribuidores
in APPPATH\Views\distribuidor\consultar.php on line 16.
 1 APPPATH\Views\distribuidor\consultar.php(16): CodeIgniter\Debug\Exceptions->errorHandler(2, 'Undefined variable $distribuidores', 'C:\\xampp\\htdocs\\abejita\\app\\Views\\distribuidor\\consultar.php', 16)
 2 SYSTEMPATH\View\View.php(226): include('C:\\xampp\\htdocs\\abejita\\app\\Views\\distribuidor\\consultar.php')
 3 SYSTEMPATH\View\View.php(229): CodeIgniter\View\View->CodeIgniter\View\{closure}()
 4 SYSTEMPATH\Common.php(1188): CodeIgniter\View\View->render('distribuidor/consultar', [], true)
 5 APPPATH\Controllers\distribuidor.php(19): view('distribuidor/consultar', [...])
 6 SYSTEMPATH\CodeIgniter.php(919): App\Controllers\distribuidor->consultar()
 7 SYSTEMPATH\CodeIgniter.php(494): CodeIgniter\CodeIgniter->runController(Object(App\Controllers\distribuidor))
 8 SYSTEMPATH\CodeIgniter.php(353): CodeIgniter\CodeIgniter->handleRequest(null, Object(Config\Cache), false)
 9 FCPATH\index.php(79): CodeIgniter\CodeIgniter->run()
10 SYSTEMPATH\Commands\Server\rewrite.php(47): require_once('C:\\xampp\\htdocs\\abejita\\public\\index.php')
CRITICAL - 2023-11-10 19:26:17 --> Undefined variable $distribuidores
in APPPATH\Views\distribuidor\consultar.php on line 16.
 1 APPPATH\Views\distribuidor\consultar.php(16): CodeIgniter\Debug\Exceptions->errorHandler(2, 'Undefined variable $distribuidores', 'C:\\xampp\\htdocs\\abejita\\app\\Views\\distribuidor\\consultar.php', 16)
 2 SYSTEMPATH\View\View.php(226): include('C:\\xampp\\htdocs\\abejita\\app\\Views\\distribuidor\\consultar.php')
 3 SYSTEMPATH\View\View.php(229): CodeIgniter\View\View->CodeIgniter\View\{closure}()
 4 SYSTEMPATH\Common.php(1188): CodeIgniter\View\View->render('distribuidor/consultar', [], true)
 5 APPPATH\Controllers\distribuidor.php(19): view('distribuidor/consultar', [...])
 6 SYSTEMPATH\CodeIgniter.php(919): App\Controllers\distribuidor->consultar()
 7 SYSTEMPATH\CodeIgniter.php(494): CodeIgniter\CodeIgniter->runController(Object(App\Controllers\distribuidor))
 8 SYSTEMPATH\CodeIgniter.php(353): CodeIgniter\CodeIgniter->handleRequest(null, Object(Config\Cache), false)
 9 FCPATH\index.php(79): CodeIgniter\CodeIgniter->run()
10 SYSTEMPATH\Commands\Server\rewrite.php(47): require_once('C:\\xampp\\htdocs\\abejita\\public\\index.php')
CRITICAL - 2023-11-10 19:30:26 --> Invalid file: "distribuidor/editar.php"
in SYSTEMPATH\Exceptions\FrameworkException.php on line 39.
 1 SYSTEMPATH\View\View.php(214): CodeIgniter\Exceptions\FrameworkException::forInvalidFile('distribuidor/editar.php')
 2 SYSTEMPATH\Common.php(1188): CodeIgniter\View\View->render('distribuidor/editar', [], true)
 3 APPPATH\Controllers\distribuidor.php(56): view('distribuidor/editar', [...])
 4 SYSTEMPATH\CodeIgniter.php(919): App\Controllers\distribuidor->editar('1')
 5 SYSTEMPATH\CodeIgniter.php(494): CodeIgniter\CodeIgniter->runController(Object(App\Controllers\distribuidor))
 6 SYSTEMPATH\CodeIgniter.php(353): CodeIgniter\CodeIgniter->handleRequest(null, Object(Config\Cache), false)
 7 FCPATH\index.php(79): CodeIgniter\CodeIgniter->run()
 8 SYSTEMPATH\Commands\Server\rewrite.php(47): require_once('C:\\xampp\\htdocs\\abejita\\public\\index.php')
CRITICAL - 2023-11-10 19:30:53 --> Invalid file: "distribuidor/editar.php"
in SYSTEMPATH\Exceptions\FrameworkException.php on line 39.
 1 SYSTEMPATH\View\View.php(214): CodeIgniter\Exceptions\FrameworkException::forInvalidFile('distribuidor/editar.php')
 2 SYSTEMPATH\Common.php(1188): CodeIgniter\View\View->render('distribuidor/editar', [], true)
 3 APPPATH\Controllers\distribuidor.php(56): view('distribuidor/editar', [...])
 4 SYSTEMPATH\CodeIgniter.php(919): App\Controllers\distribuidor->editar('3')
 5 SYSTEMPATH\CodeIgniter.php(494): CodeIgniter\CodeIgniter->runController(Object(App\Controllers\distribuidor))
 6 SYSTEMPATH\CodeIgniter.php(353): CodeIgniter\CodeIgniter->handleRequest(null, Object(Config\Cache), false)
 7 FCPATH\index.php(79): CodeIgniter\CodeIgniter->run()
 8 SYSTEMPATH\Commands\Server\rewrite.php(47): require_once('C:\\xampp\\htdocs\\abejita\\public\\index.php')
CRITICAL - 2023-11-10 19:32:49 --> Invalid file: "distribuidor/editar.php"
in SYSTEMPATH\Exceptions\FrameworkException.php on line 39.
 1 SYSTEMPATH\View\View.php(214): CodeIgniter\Exceptions\FrameworkException::forInvalidFile('distribuidor/editar.php')
 2 SYSTEMPATH\Common.php(1188): CodeIgniter\View\View->render('distribuidor/editar', [], true)
 3 APPPATH\Controllers\distribuidor.php(56): view('distribuidor/editar', [...])
 4 SYSTEMPATH\CodeIgniter.php(919): App\Controllers\distribuidor->editar('2')
 5 SYSTEMPATH\CodeIgniter.php(494): CodeIgniter\CodeIgniter->runController(Object(App\Controllers\distribuidor))
 6 SYSTEMPATH\CodeIgniter.php(353): CodeIgniter\CodeIgniter->handleRequest(null, Object(Config\Cache), false)
 7 FCPATH\index.php(79): CodeIgniter\CodeIgniter->run()
 8 SYSTEMPATH\Commands\Server\rewrite.php(47): require_once('C:\\xampp\\htdocs\\abejita\\public\\index.php')
CRITICAL - 2023-11-10 19:35:22 --> Invalid file: "distribuidor/editar.php"
in SYSTEMPATH\Exceptions\FrameworkException.php on line 39.
 1 SYSTEMPATH\View\View.php(214): CodeIgniter\Exceptions\FrameworkException::forInvalidFile('distribuidor/editar.php')
 2 SYSTEMPATH\Common.php(1188): CodeIgniter\View\View->render('distribuidor/editar', [], true)
 3 APPPATH\Controllers\distribuidor.php(56): view('distribuidor/editar', [...])
 4 SYSTEMPATH\CodeIgniter.php(919): App\Controllers\distribuidor->editar('2')
 5 SYSTEMPATH\CodeIgniter.php(494): CodeIgniter\CodeIgniter->runController(Object(App\Controllers\distribuidor))
 6 SYSTEMPATH\CodeIgniter.php(353): CodeIgniter\CodeIgniter->handleRequest(null, Object(Config\Cache), false)
 7 FCPATH\index.php(79): CodeIgniter\CodeIgniter->run()
 8 SYSTEMPATH\Commands\Server\rewrite.php(47): require_once('C:\\xampp\\htdocs\\abejita\\public\\index.php')
CRITICAL - 2023-11-10 19:52:41 --> Undefined variable $proveedores
in APPPATH\Views\distribuidor\consultar.php on line 18.
 1 APPPATH\Views\distribuidor\consultar.php(18): CodeIgniter\Debug\Exceptions->errorHandler(2, 'Undefined variable $proveedores', 'C:\\xampp\\htdocs\\abejita\\app\\Views\\distribuidor\\consultar.php', 18)
 2 SYSTEMPATH\View\View.php(226): include('C:\\xampp\\htdocs\\abejita\\app\\Views\\distribuidor\\consultar.php')
 3 SYSTEMPATH\View\View.php(229): CodeIgniter\View\View->CodeIgniter\View\{closure}()
 4 SYSTEMPATH\Common.php(1188): CodeIgniter\View\View->render('distribuidor/consultar', [], true)
 5 APPPATH\Controllers\distribuidor.php(19): view('distribuidor/consultar', [...])
 6 SYSTEMPATH\CodeIgniter.php(919): App\Controllers\distribuidor->consultar()
 7 SYSTEMPATH\CodeIgniter.php(494): CodeIgniter\CodeIgniter->runController(Object(App\Controllers\distribuidor))
 8 SYSTEMPATH\CodeIgniter.php(353): CodeIgniter\CodeIgniter->handleRequest(null, Object(Config\Cache), false)
 9 FCPATH\index.php(79): CodeIgniter\CodeIgniter->run()
10 SYSTEMPATH\Commands\Server\rewrite.php(47): require_once('C:\\xampp\\htdocs\\abejita\\public\\index.php')
CRITICAL - 2023-11-10 19:52:50 --> Undefined variable $proveedores
in APPPATH\Views\distribuidor\consultar.php on line 18.
 1 APPPATH\Views\distribuidor\consultar.php(18): CodeIgniter\Debug\Exceptions->errorHandler(2, 'Undefined variable $proveedores', 'C:\\xampp\\htdocs\\abejita\\app\\Views\\distribuidor\\consultar.php', 18)
 2 SYSTEMPATH\View\View.php(226): include('C:\\xampp\\htdocs\\abejita\\app\\Views\\distribuidor\\consultar.php')
 3 SYSTEMPATH\View\View.php(229): CodeIgniter\View\View->CodeIgniter\View\{closure}()
 4 SYSTEMPATH\Common.php(1188): CodeIgniter\View\View->render('distribuidor/consultar', [], true)
 5 APPPATH\Controllers\distribuidor.php(19): view('distribuidor/consultar', [...])
 6 SYSTEMPATH\CodeIgniter.php(919): App\Controllers\distribuidor->consultar()
 7 SYSTEMPATH\CodeIgniter.php(494): CodeIgniter\CodeIgniter->runController(Object(App\Controllers\distribuidor))
 8 SYSTEMPATH\CodeIgniter.php(353): CodeIgniter\CodeIgniter->handleRequest(null, Object(Config\Cache), false)
 9 FCPATH\index.php(79): CodeIgniter\CodeIgniter->run()
10 SYSTEMPATH\Commands\Server\rewrite.php(47): require_once('C:\\xampp\\htdocs\\abejita\\public\\index.php')
